<?xml version="1.0" encoding="UTF-8"?>
<testsuite xmlns:xsi="http://www.w3.org/2001/XMLSchema-instance" xsi:noNamespaceSchemaLocation="https://maven.apache.org/surefire/maven-surefire-plugin/xsd/surefire-test-report-3.0.xsd" version="3.0" name="com.ibm.brix.rest.SEEndpointTest" time="0.201" tests="4" errors="0" skipped="0" failures="0">
  <properties>
    <property name="java.specification.version" value="17"/>
    <property name="sun.jnu.encoding" value="UTF-8"/>
    <property name="test.url" value="http://localhost:8081"/>
    <property name="io.quarkus.security.http.test-if-basic-auth-implicitly-required" value="true"/>
    <property name="java.class.path" value="/Users/shivanitiwari/Documents/Brix/BrIX-service/brix-restapi/target/test-classes:/Users/shivanitiwari/Documents/Brix/BrIX-service/brix-restapi/target/classes:/Users/shivanitiwari/.m2/repository/io/quarkus/quarkus-container-image-openshift/3.20.0/quarkus-container-image-openshift-3.20.0.jar:/Users/shivanitiwari/.m2/repository/io/quarkus/quarkus-kubernetes-client-internal/3.20.0/quarkus-kubernetes-client-internal-3.20.0.jar:/Users/shivanitiwari/.m2/repository/io/quarkus/quarkus-tls-registry/3.20.0/quarkus-tls-registry-3.20.0.jar:/Users/shivanitiwari/.m2/repository/io/smallrye/certs/smallrye-private-key-pem-parser/0.9.2/smallrye-private-key-pem-parser-0.9.2.jar:/Users/shivanitiwari/.m2/repository/io/quarkus/quarkus-container-image/3.20.0/quarkus-container-image-3.20.0.jar:/Users/shivanitiwari/.m2/repository/io/quarkus/quarkus-resteasy/3.20.0/quarkus-resteasy-3.20.0.jar:/Users/shivanitiwari/.m2/repository/io/quarkus/quarkus-vertx-http/3.20.0/quarkus-vertx-http-3.20.0.jar:/Users/shivanitiwari/.m2/repository/io/quarkus/quarkus-security-runtime-spi/3.20.0/quarkus-security-runtime-spi-3.20.0.jar:/Users/shivanitiwari/.m2/repository/io/quarkus/quarkus-credentials/3.20.0/quarkus-credentials-3.20.0.jar:/Users/shivanitiwari/.m2/repository/io/quarkus/quarkus-mutiny/3.20.0/quarkus-mutiny-3.20.0.jar:/Users/shivanitiwari/.m2/repository/io/quarkus/quarkus-smallrye-context-propagation/3.20.0/quarkus-smallrye-context-propagation-3.20.0.jar:/Users/shivanitiwari/.m2/repository/io/smallrye/smallrye-context-propagation/2.2.0/smallrye-context-propagation-2.2.0.jar:/Users/shivanitiwari/.m2/repository/io/smallrye/smallrye-context-propagation-api/2.2.0/smallrye-context-propagation-api-2.2.0.jar:/Users/shivanitiwari/.m2/repository/io/smallrye/smallrye-context-propagation-storage/2.2.0/smallrye-context-propagation-storage-2.2.0.jar:/Users/shivanitiwari/.m2/repository/io/smallrye/reactive/mutiny-smallrye-context-propagation/2.8.0/mutiny-smallrye-context-propagation-2.8.0.jar:/Users/shivanitiwari/.m2/repository/io/smallrye/common/smallrye-common-vertx-context/2.10.0/smallrye-common-vertx-context-2.10.0.jar:/Users/shivanitiwari/.m2/repository/io/vertx/vertx-core/4.5.13/vertx-core-4.5.13.jar:/Users/shivanitiwari/.m2/repository/io/netty/netty-resolver-dns/4.1.118.Final/netty-resolver-dns-4.1.118.Final.jar:/Users/shivanitiwari/.m2/repository/io/netty/netty-codec-dns/4.1.118.Final/netty-codec-dns-4.1.118.Final.jar:/Users/shivanitiwari/.m2/repository/io/smallrye/common/smallrye-common-constraint/2.10.0/smallrye-common-constraint-2.10.0.jar:/Users/shivanitiwari/.m2/repository/io/quarkus/security/quarkus-security/2.2.1/quarkus-security-2.2.1.jar:/Users/shivanitiwari/.m2/repository/io/quarkus/quarkus-vertx/3.20.0/quarkus-vertx-3.20.0.jar:/Users/shivanitiwari/.m2/repository/io/netty/netty-codec-haproxy/4.1.118.Final/netty-codec-haproxy-4.1.118.Final.jar:/Users/shivanitiwari/.m2/repository/io/smallrye/common/smallrye-common-annotation/2.10.0/smallrye-common-annotation-2.10.0.jar:/Users/shivanitiwari/.m2/repository/io/quarkus/quarkus-virtual-threads/3.20.0/quarkus-virtual-threads-3.20.0.jar:/Users/shivanitiwari/.m2/repository/io/quarkus/quarkus-vertx-latebound-mdc-provider/3.20.0/quarkus-vertx-latebound-mdc-provider-3.20.0.jar:/Users/shivanitiwari/.m2/repository/io/smallrye/reactive/smallrye-mutiny-vertx-core/3.18.1/smallrye-mutiny-vertx-core-3.18.1.jar:/Users/shivanitiwari/.m2/repository/io/smallrye/reactive/smallrye-mutiny-vertx-runtime/3.18.1/smallrye-mutiny-vertx-runtime-3.18.1.jar:/Users/shivanitiwari/.m2/repository/io/smallrye/reactive/vertx-mutiny-generator/3.18.1/vertx-mutiny-generator-3.18.1.jar:/Users/shivanitiwari/.m2/repository/io/vertx/vertx-codegen/4.5.13/vertx-codegen-4.5.13.jar:/Users/shivanitiwari/.m2/repository/io/smallrye/smallrye-fault-tolerance-vertx/6.9.0/smallrye-fault-tolerance-vertx-6.9.0.jar:/Users/shivanitiwari/.m2/repository/io/smallrye/reactive/smallrye-mutiny-vertx-web/3.18.1/smallrye-mutiny-vertx-web-3.18.1.jar:/Users/shivanitiwari/.m2/repository/io/smallrye/reactive/smallrye-mutiny-vertx-web-common/3.18.1/smallrye-mutiny-vertx-web-common-3.18.1.jar:/Users/shivanitiwari/.m2/repository/io/smallrye/reactive/smallrye-mutiny-vertx-auth-common/3.18.1/smallrye-mutiny-vertx-auth-common-3.18.1.jar:/Users/shivanitiwari/.m2/repository/io/smallrye/reactive/smallrye-mutiny-vertx-bridge-common/3.18.1/smallrye-mutiny-vertx-bridge-common-3.18.1.jar:/Users/shivanitiwari/.m2/repository/io/smallrye/reactive/smallrye-mutiny-vertx-uri-template/3.18.1/smallrye-mutiny-vertx-uri-template-3.18.1.jar:/Users/shivanitiwari/.m2/repository/io/vertx/vertx-uri-template/4.5.13/vertx-uri-template-4.5.13.jar:/Users/shivanitiwari/.m2/repository/io/vertx/vertx-web/4.5.13/vertx-web-4.5.13.jar:/Users/shivanitiwari/.m2/repository/io/vertx/vertx-web-common/4.5.13/vertx-web-common-4.5.13.jar:/Users/shivanitiwari/.m2/repository/io/vertx/vertx-auth-common/4.5.13/vertx-auth-common-4.5.13.jar:/Users/shivanitiwari/.m2/repository/io/vertx/vertx-bridge-common/4.5.13/vertx-bridge-common-4.5.13.jar:/Users/shivanitiwari/.m2/repository/io/github/crac/org-crac/0.1.3/org-crac-0.1.3.jar:/Users/shivanitiwari/.m2/repository/com/aayushatharva/brotli4j/brotli4j/1.16.0/brotli4j-1.16.0.jar:/Users/shivanitiwari/.m2/repository/com/aayushatharva/brotli4j/service/1.16.0/service-1.16.0.jar:/Users/shivanitiwari/.m2/repository/com/aayushatharva/brotli4j/native-osx-x86_64/1.16.0/native-osx-x86_64-1.16.0.jar:/Users/shivanitiwari/.m2/repository/io/quarkus/vertx/utils/quarkus-vertx-utils/3.20.0/quarkus-vertx-utils-3.20.0.jar:/Users/shivanitiwari/.m2/repository/org/jboss/logging/jboss-logging/3.6.1.Final/jboss-logging-3.6.1.Final.jar:/Users/shivanitiwari/.m2/repository/io/quarkus/quarkus-resteasy-server-common/3.20.0/quarkus-resteasy-server-common-3.20.0.jar:/Users/shivanitiwari/.m2/repository/io/quarkus/quarkus-resteasy-common/3.20.0/quarkus-resteasy-common-3.20.0.jar:/Users/shivanitiwari/.m2/repository/org/jboss/resteasy/microprofile/microprofile-config/3.0.1.Final/microprofile-config-3.0.1.Final.jar:/Users/shivanitiwari/.m2/repository/jakarta/servlet/jakarta.servlet-api/6.0.0/jakarta.servlet-api-6.0.0.jar:/Users/shivanitiwari/.m2/repository/org/jboss/resteasy/resteasy-cdi/6.2.12.Final/resteasy-cdi-6.2.12.Final.jar:/Users/shivanitiwari/.m2/repository/jakarta/interceptor/jakarta.interceptor-api/2.2.0/jakarta.interceptor-api-2.2.0.jar:/Users/shivanitiwari/.m2/repository/jakarta/validation/jakarta.validation-api/3.0.2/jakarta.validation-api-3.0.2.jar:/Users/shivanitiwari/.m2/repository/io/quarkus/quarkus-resteasy-jackson/3.20.0/quarkus-resteasy-jackson-3.20.0.jar:/Users/shivanitiwari/.m2/repository/io/quarkus/quarkus-jackson/3.20.0/quarkus-jackson-3.20.0.jar:/Users/shivanitiwari/.m2/repository/com/fasterxml/jackson/datatype/jackson-datatype-jdk8/2.18.2/jackson-datatype-jdk8-2.18.2.jar:/Users/shivanitiwari/.m2/repository/com/fasterxml/jackson/module/jackson-module-parameter-names/2.18.2/jackson-module-parameter-names-2.18.2.jar:/Users/shivanitiwari/.m2/repository/org/jboss/resteasy/resteasy-jackson2-provider/6.2.12.Final/resteasy-jackson2-provider-6.2.12.Final.jar:/Users/shivanitiwari/.m2/repository/org/jboss/resteasy/resteasy-core-spi/6.2.12.Final/resteasy-core-spi-6.2.12.Final.jar:/Users/shivanitiwari/.m2/repository/org/reactivestreams/reactive-streams/1.0.4/reactive-streams-1.0.4.jar:/Users/shivanitiwari/.m2/repository/org/jboss/resteasy/resteasy-core/6.2.12.Final/resteasy-core-6.2.12.Final.jar:/Users/shivanitiwari/.m2/repository/com/ibm/async/asyncutil/0.1.0/asyncutil-0.1.0.jar:/Users/shivanitiwari/.m2/repository/com/fasterxml/jackson/jakarta/rs/jackson-jakarta-rs-base/2.18.2/jackson-jakarta-rs-base-2.18.2.jar:/Users/shivanitiwari/.m2/repository/com/fasterxml/jackson/jakarta/rs/jackson-jakarta-rs-json-provider/2.18.2/jackson-jakarta-rs-json-provider-2.18.2.jar:/Users/shivanitiwari/.m2/repository/com/github/java-json-tools/json-patch/1.13/json-patch-1.13.jar:/Users/shivanitiwari/.m2/repository/com/github/java-json-tools/msg-simple/1.2/msg-simple-1.2.jar:/Users/shivanitiwari/.m2/repository/com/github/java-json-tools/btf/1.3/btf-1.3.jar:/Users/shivanitiwari/.m2/repository/com/github/java-json-tools/jackson-coreutils/2.0/jackson-coreutils-2.0.jar:/Users/shivanitiwari/.m2/repository/jakarta/xml/bind/jakarta.xml.bind-api/4.0.2/jakarta.xml.bind-api-4.0.2.jar:/Users/shivanitiwari/.m2/repository/jakarta/activation/jakarta.activation-api/2.1.3/jakarta.activation-api-2.1.3.jar:/Users/shivanitiwari/.m2/repository/io/quarkus/quarkus-smallrye-openapi/3.20.0/quarkus-smallrye-openapi-3.20.0.jar:/Users/shivanitiwari/.m2/repository/io/smallrye/smallrye-open-api-core/4.0.8/smallrye-open-api-core-4.0.8.jar:/Users/shivanitiwari/.m2/repository/org/eclipse/microprofile/openapi/microprofile-openapi-api/4.0.2/microprofile-openapi-api-4.0.2.jar:/Users/shivanitiwari/.m2/repository/org/eclipse/microprofile/config/microprofile-config-api/3.1/microprofile-config-api-3.1.jar:/Users/shivanitiwari/.m2/repository/io/smallrye/smallrye-open-api-model/4.0.8/smallrye-open-api-model-4.0.8.jar:/Users/shivanitiwari/.m2/repository/com/fasterxml/jackson/dataformat/jackson-dataformat-yaml/2.18.2/jackson-dataformat-yaml-2.18.2.jar:/Users/shivanitiwari/.m2/repository/org/yaml/snakeyaml/2.3/snakeyaml-2.3.jar:/Users/shivanitiwari/.m2/repository/io/smallrye/common/smallrye-common-classloader/2.10.0/smallrye-common-classloader-2.10.0.jar:/Users/shivanitiwari/.m2/repository/io/quarkus/quarkus-core/3.20.0/quarkus-core-3.20.0.jar:/Users/shivanitiwari/.m2/repository/jakarta/annotation/jakarta.annotation-api/3.0.0/jakarta.annotation-api-3.0.0.jar:/Users/shivanitiwari/.m2/repository/jakarta/enterprise/jakarta.enterprise.cdi-api/4.1.0/jakarta.enterprise.cdi-api-4.1.0.jar:/Users/shivanitiwari/.m2/repository/jakarta/enterprise/jakarta.enterprise.lang-model/4.1.0/jakarta.enterprise.lang-model-4.1.0.jar:/Users/shivanitiwari/.m2/repository/jakarta/inject/jakarta.inject-api/2.0.1/jakarta.inject-api-2.0.1.jar:/Users/shivanitiwari/.m2/repository/io/smallrye/common/smallrye-common-os/2.10.0/smallrye-common-os-2.10.0.jar:/Users/shivanitiwari/.m2/repository/io/quarkus/quarkus-ide-launcher/3.20.0/quarkus-ide-launcher-3.20.0.jar:/Users/shivanitiwari/.m2/repository/io/smallrye/config/smallrye-config/3.11.4/smallrye-config-3.11.4.jar:/Users/shivanitiwari/.m2/repository/io/smallrye/config/smallrye-config-core/3.11.4/smallrye-config-core-3.11.4.jar:/Users/shivanitiwari/.m2/repository/io/smallrye/config/smallrye-config-common/3.11.4/smallrye-config-common-3.11.4.jar:/Users/shivanitiwari/.m2/repository/org/jboss/logmanager/jboss-logmanager/3.1.2.Final/jboss-logmanager-3.1.2.Final.jar:/Users/shivanitiwari/.m2/repository/io/smallrye/common/smallrye-common-cpu/2.10.0/smallrye-common-cpu-2.10.0.jar:/Users/shivanitiwari/.m2/repository/io/smallrye/common/smallrye-common-expression/2.10.0/smallrye-common-expression-2.10.0.jar:/Users/shivanitiwari/.m2/repository/io/smallrye/common/smallrye-common-net/2.10.0/smallrye-common-net-2.10.0.jar:/Users/shivanitiwari/.m2/repository/io/smallrye/common/smallrye-common-ref/2.10.0/smallrye-common-ref-2.10.0.jar:/Users/shivanitiwari/.m2/repository/org/jboss/logging/jboss-logging-annotations/3.0.4.Final/jboss-logging-annotations-3.0.4.Final.jar:/Users/shivanitiwari/.m2/repository/org/jboss/threads/jboss-threads/3.8.0.Final/jboss-threads-3.8.0.Final.jar:/Users/shivanitiwari/.m2/repository/io/smallrye/common/smallrye-common-function/2.10.0/smallrye-common-function-2.10.0.jar:/Users/shivanitiwari/.m2/repository/org/slf4j/slf4j-api/2.0.6/slf4j-api-2.0.6.jar:/Users/shivanitiwari/.m2/repository/org/wildfly/common/wildfly-common/2.0.1/wildfly-common-2.0.1.jar:/Users/shivanitiwari/.m2/repository/io/quarkus/quarkus-bootstrap-runner/3.20.0/quarkus-bootstrap-runner-3.20.0.jar:/Users/shivanitiwari/.m2/repository/io/quarkus/quarkus-fs-util/0.0.10/quarkus-fs-util-0.0.10.jar:/Users/shivanitiwari/.m2/repository/io/quarkus/quarkus-swagger-ui/3.20.0/quarkus-swagger-ui-3.20.0.jar:/Users/shivanitiwari/.m2/repository/com/ibm/brix/common/brix-common/1.0.0-SNAPSHOT/brix-common-1.0.0-SNAPSHOT.jar:/Users/shivanitiwari/.m2/repository/io/smallrye/jandex/3.2.7/jandex-3.2.7.jar:/Users/shivanitiwari/.m2/repository/io/quarkus/quarkus-arc/3.20.0/quarkus-arc-3.20.0.jar:/Users/shivanitiwari/.m2/repository/io/quarkus/arc/arc/3.20.0/arc-3.20.0.jar:/Users/shivanitiwari/.m2/repository/jakarta/transaction/jakarta.transaction-api/2.0.1/jakarta.transaction-api-2.0.1.jar:/Users/shivanitiwari/.m2/repository/io/smallrye/reactive/mutiny/2.8.0/mutiny-2.8.0.jar:/Users/shivanitiwari/.m2/repository/org/jctools/jctools-core/4.0.5/jctools-core-4.0.5.jar:/Users/shivanitiwari/.m2/repository/org/eclipse/microprofile/context-propagation/microprofile-context-propagation-api/1.3/microprofile-context-propagation-api-1.3.jar:/Users/shivanitiwari/.m2/repository/io/quarkus/quarkus-openshift/3.20.0/quarkus-openshift-3.20.0.jar:/Users/shivanitiwari/.m2/repository/io/quarkus/quarkus-kubernetes/3.20.0/quarkus-kubernetes-3.20.0.jar:/Users/shivanitiwari/.m2/repository/io/quarkus/quarkus-smallrye-health/3.20.0/quarkus-smallrye-health-3.20.0.jar:/Users/shivanitiwari/.m2/repository/io/smallrye/smallrye-health/4.2.0/smallrye-health-4.2.0.jar:/Users/shivanitiwari/.m2/repository/org/eclipse/microprofile/health/microprofile-health-api/4.0.1/microprofile-health-api-4.0.1.jar:/Users/shivanitiwari/.m2/repository/io/smallrye/smallrye-health-api/4.2.0/smallrye-health-api-4.2.0.jar:/Users/shivanitiwari/.m2/repository/jakarta/json/jakarta.json-api/2.1.3/jakarta.json-api-2.1.3.jar:/Users/shivanitiwari/.m2/repository/io/smallrye/smallrye-health-provided-checks/4.2.0/smallrye-health-provided-checks-4.2.0.jar:/Users/shivanitiwari/.m2/repository/io/quarkus/quarkus-jsonp/3.20.0/quarkus-jsonp-3.20.0.jar:/Users/shivanitiwari/.m2/repository/org/eclipse/parsson/parsson/1.1.7/parsson-1.1.7.jar:/Users/shivanitiwari/.m2/repository/io/quarkiverse/artemis/quarkus-artemis-jms/3.5.0/quarkus-artemis-jms-3.5.0.jar:/Users/shivanitiwari/.m2/repository/io/quarkiverse/artemis/quarkus-artemis-core/3.5.0/quarkus-artemis-core-3.5.0.jar:/Users/shivanitiwari/.m2/repository/io/quarkus/quarkus-netty/3.20.0/quarkus-netty-3.20.0.jar:/Users/shivanitiwari/.m2/repository/io/netty/netty-codec/4.1.118.Final/netty-codec-4.1.118.Final.jar:/Users/shivanitiwari/.m2/repository/io/netty/netty-codec-http/4.1.118.Final/netty-codec-http-4.1.118.Final.jar:/Users/shivanitiwari/.m2/repository/io/netty/netty-codec-http2/4.1.118.Final/netty-codec-http2-4.1.118.Final.jar:/Users/shivanitiwari/.m2/repository/io/netty/netty-handler/4.1.118.Final/netty-handler-4.1.118.Final.jar:/Users/shivanitiwari/.m2/repository/io/netty/netty-transport-native-unix-common/4.1.118.Final/netty-transport-native-unix-common-4.1.118.Final.jar:/Users/shivanitiwari/.m2/repository/org/apache/activemq/artemis-core-client/2.37.0/artemis-core-client-2.37.0.jar:/Users/shivanitiwari/.m2/repository/org/jgroups/jgroups/5.3.10.Final/jgroups-5.3.10.Final.jar:/Users/shivanitiwari/.m2/repository/io/netty/netty-transport-native-epoll/4.1.118.Final/netty-transport-native-epoll-4.1.118.Final-linux-x86_64.jar:/Users/shivanitiwari/.m2/repository/io/netty/netty-transport-classes-epoll/4.1.118.Final/netty-transport-classes-epoll-4.1.118.Final.jar:/Users/shivanitiwari/.m2/repository/io/netty/netty-transport-native-kqueue/4.1.118.Final/netty-transport-native-kqueue-4.1.118.Final-osx-x86_64.jar:/Users/shivanitiwari/.m2/repository/io/netty/netty-transport-classes-kqueue/4.1.118.Final/netty-transport-classes-kqueue-4.1.118.Final.jar:/Users/shivanitiwari/.m2/repository/io/netty/netty-buffer/4.1.118.Final/netty-buffer-4.1.118.Final.jar:/Users/shivanitiwari/.m2/repository/io/netty/netty-transport/4.1.118.Final/netty-transport-4.1.118.Final.jar:/Users/shivanitiwari/.m2/repository/io/netty/netty-handler-proxy/4.1.118.Final/netty-handler-proxy-4.1.118.Final.jar:/Users/shivanitiwari/.m2/repository/io/netty/netty-codec-socks/4.1.118.Final/netty-codec-socks-4.1.118.Final.jar:/Users/shivanitiwari/.m2/repository/io/netty/netty-common/4.1.118.Final/netty-common-4.1.118.Final.jar:/Users/shivanitiwari/.m2/repository/io/netty/netty-resolver/4.1.118.Final/netty-resolver-4.1.118.Final.jar:/Users/shivanitiwari/.m2/repository/de/dentrassi/crypto/pem-keystore/2.4.0/pem-keystore-2.4.0.jar:/Users/shivanitiwari/.m2/repository/org/bouncycastle/bcprov-jdk18on/1.80/bcprov-jdk18on-1.80.jar:/Users/shivanitiwari/.m2/repository/org/bouncycastle/bcpkix-jdk18on/1.80/bcpkix-jdk18on-1.80.jar:/Users/shivanitiwari/.m2/repository/org/bouncycastle/bcutil-jdk18on/1.80/bcutil-jdk18on-1.80.jar:/Users/shivanitiwari/.m2/repository/org/jboss/logging/commons-logging-jboss-logging/1.0.0.Final/commons-logging-jboss-logging-1.0.0.Final.jar:/Users/shivanitiwari/.m2/repository/org/apache/activemq/artemis-jakarta-client/2.37.0/artemis-jakarta-client-2.37.0.jar:/Users/shivanitiwari/.m2/repository/org/apache/activemq/artemis-commons/2.37.0/artemis-commons-2.37.0.jar:/Users/shivanitiwari/.m2/repository/commons-beanutils/commons-beanutils/1.9.4/commons-beanutils-1.9.4.jar:/Users/shivanitiwari/.m2/repository/commons-collections/commons-collections/3.2.2/commons-collections-3.2.2.jar:/Users/shivanitiwari/.m2/repository/org/apache/activemq/artemis-selector/2.37.0/artemis-selector-2.37.0.jar:/Users/shivanitiwari/.m2/repository/org/apache/camel/quarkus/camel-quarkus-core/3.20.0/camel-quarkus-core-3.20.0.jar:/Users/shivanitiwari/.m2/repository/io/quarkus/quarkus-development-mode-spi/3.20.0/quarkus-development-mode-spi-3.20.0.jar:/Users/shivanitiwari/.m2/repository/org/apache/camel/camel-base/4.10.2/camel-base-4.10.2.jar:/Users/shivanitiwari/.m2/repository/org/apache/camel/camel-api/4.10.2/camel-api-4.10.2.jar:/Users/shivanitiwari/.m2/repository/org/apache/camel/camel-management-api/4.10.2/camel-management-api-4.10.2.jar:/Users/shivanitiwari/.m2/repository/org/apache/camel/camel-support/4.10.2/camel-support-4.10.2.jar:/Users/shivanitiwari/.m2/repository/org/apache/camel/camel-util-json/4.10.2/camel-util-json-4.10.2.jar:/Users/shivanitiwari/.m2/repository/org/apache/camel/camel-util/4.10.2/camel-util-4.10.2.jar:/Users/shivanitiwari/.m2/repository/org/apache/camel/camel-componentdsl/4.10.2/camel-componentdsl-4.10.2.jar:/Users/shivanitiwari/.m2/repository/org/apache/camel/camel-core-catalog/4.10.2/camel-core-catalog-4.10.2.jar:/Users/shivanitiwari/.m2/repository/org/apache/camel/camel-tooling-model/4.10.2/camel-tooling-model-4.10.2.jar:/Users/shivanitiwari/.m2/repository/org/apache/camel/camel-core-engine/4.10.2/camel-core-engine-4.10.2.jar:/Users/shivanitiwari/.m2/repository/org/apache/camel/camel-base-engine/4.10.2/camel-base-engine-4.10.2.jar:/Users/shivanitiwari/.m2/repository/org/apache/camel/camel-core-reifier/4.10.2/camel-core-reifier-4.10.2.jar:/Users/shivanitiwari/.m2/repository/org/apache/camel/camel-core-languages/4.10.2/camel-core-languages-4.10.2.jar:/Users/shivanitiwari/.m2/repository/org/apache/camel/camel-core-model/4.10.2/camel-core-model-4.10.2.jar:/Users/shivanitiwari/.m2/repository/org/apache/camel/camel-xml-jaxp-util/4.10.2/camel-xml-jaxp-util-4.10.2.jar:/Users/shivanitiwari/.m2/repository/org/apache/camel/camel-core-processor/4.10.2/camel-core-processor-4.10.2.jar:/Users/shivanitiwari/.m2/repository/org/apache/camel/camel-endpointdsl/4.10.2/camel-endpointdsl-4.10.2.jar:/Users/shivanitiwari/.m2/repository/org/apache/camel/camel-main/4.10.2/camel-main-4.10.2.jar:/Users/shivanitiwari/.m2/repository/org/apache/camel/camel-microprofile-config/4.10.2/camel-microprofile-config-4.10.2.jar:/Users/shivanitiwari/.m2/repository/org/apache/camel/quarkus/camel-quarkus-activemq/3.20.0/camel-quarkus-activemq-3.20.0.jar:/Users/shivanitiwari/.m2/repository/org/apache/camel/camel-activemq/4.10.2/camel-activemq-4.10.2.jar:/Users/shivanitiwari/.m2/repository/org/apache/activemq/activemq-client-jakarta/5.18.6/activemq-client-jakarta-5.18.6.jar:/Users/shivanitiwari/.m2/repository/org/fusesource/hawtbuf/hawtbuf/1.11/hawtbuf-1.11.jar:/Users/shivanitiwari/.m2/repository/jakarta/jms/jakarta.jms-api/3.1.0/jakarta.jms-api-3.1.0.jar:/Users/shivanitiwari/.m2/repository/org/apache/camel/quarkus/camel-quarkus-jms/3.20.0/camel-quarkus-jms-3.20.0.jar:/Users/shivanitiwari/.m2/repository/org/apache/camel/quarkus/camel-quarkus-support-spring/3.20.0/camel-quarkus-support-spring-3.20.0.jar:/Users/shivanitiwari/.m2/repository/org/apache/camel/quarkus/camel-quarkus-support-commons-logging/3.20.0/camel-quarkus-support-commons-logging-3.20.0.jar:/Users/shivanitiwari/.m2/repository/org/apache/camel/quarkus/camel-quarkus-support-spring-beans/3.20.0/camel-quarkus-support-spring-beans-3.20.0.jar:/Users/shivanitiwari/.m2/repository/org/apache/camel/quarkus/camel-quarkus-support-spring-context/3.20.0/camel-quarkus-support-spring-context-3.20.0.jar:/Users/shivanitiwari/.m2/repository/org/apache/camel/quarkus/camel-quarkus-support-spring-core/3.20.0/camel-quarkus-support-spring-core-3.20.0.jar:/Users/shivanitiwari/.m2/repository/org/apache/camel/camel-jms/4.10.2/camel-jms-4.10.2.jar:/Users/shivanitiwari/.m2/repository/org/springframework/spring-jms/6.2.3/spring-jms-6.2.3.jar:/Users/shivanitiwari/.m2/repository/io/micrometer/micrometer-observation/1.14.5/micrometer-observation-1.14.5.jar:/Users/shivanitiwari/.m2/repository/io/micrometer/micrometer-commons/1.14.5/micrometer-commons-1.14.5.jar:/Users/shivanitiwari/.m2/repository/org/springframework/spring-messaging/6.2.3/spring-messaging-6.2.3.jar:/Users/shivanitiwari/.m2/repository/org/springframework/spring-tx/6.2.3/spring-tx-6.2.3.jar:/Users/shivanitiwari/.m2/repository/org/apache/camel/quarkus/camel-quarkus-quartz/3.20.0/camel-quarkus-quartz-3.20.0.jar:/Users/shivanitiwari/.m2/repository/io/quarkus/quarkus-quartz/3.20.0/quarkus-quartz-3.20.0.jar:/Users/shivanitiwari/.m2/repository/io/quarkus/quarkus-scheduler/3.20.0/quarkus-scheduler-3.20.0.jar:/Users/shivanitiwari/.m2/repository/io/quarkus/quarkus-scheduler-kotlin/3.20.0/quarkus-scheduler-kotlin-3.20.0.jar:/Users/shivanitiwari/.m2/repository/io/quarkus/quarkus-scheduler-common/3.20.0/quarkus-scheduler-common-3.20.0.jar:/Users/shivanitiwari/.m2/repository/io/quarkus/quarkus-scheduler-api/3.20.0/quarkus-scheduler-api-3.20.0.jar:/Users/shivanitiwari/.m2/repository/io/quarkus/quarkus-scheduler-spi/3.20.0/quarkus-scheduler-spi-3.20.0.jar:/Users/shivanitiwari/.m2/repository/io/opentelemetry/instrumentation/opentelemetry-instrumentation-api/2.10.0/opentelemetry-instrumentation-api-2.10.0.jar:/Users/shivanitiwari/.m2/repository/io/opentelemetry/opentelemetry-api/1.44.1/opentelemetry-api-1.44.1.jar:/Users/shivanitiwari/.m2/repository/io/opentelemetry/opentelemetry-context/1.44.1/opentelemetry-context-1.44.1.jar:/Users/shivanitiwari/.m2/repository/io/opentelemetry/opentelemetry-api-incubator/1.44.1-alpha/opentelemetry-api-incubator-1.44.1-alpha.jar:/Users/shivanitiwari/.m2/repository/io/opentelemetry/semconv/opentelemetry-semconv/1.28.0-alpha/opentelemetry-semconv-1.28.0-alpha.jar:/Users/shivanitiwari/.m2/repository/com/cronutils/cron-utils/9.2.1/cron-utils-9.2.1.jar:/Users/shivanitiwari/.m2/repository/org/quartz-scheduler/quartz/2.5.0/quartz-2.5.0.jar:/Users/shivanitiwari/.m2/repository/org/apache/camel/camel-quartz/4.10.2/camel-quartz-4.10.2.jar:/Users/shivanitiwari/.m2/repository/org/apache/camel/quarkus/camel-quarkus-bean/3.20.0/camel-quarkus-bean-3.20.0.jar:/Users/shivanitiwari/.m2/repository/org/apache/camel/camel-bean/4.10.2/camel-bean-4.10.2.jar:/Users/shivanitiwari/.m2/repository/org/apache/camel/quarkus/camel-quarkus-platform-http/3.20.0/camel-quarkus-platform-http-3.20.0.jar:/Users/shivanitiwari/.m2/repository/org/apache/camel/quarkus/camel-quarkus-attachments/3.20.0/camel-quarkus-attachments-3.20.0.jar:/Users/shivanitiwari/.m2/repository/org/apache/camel/camel-attachments/4.10.2/camel-attachments-4.10.2.jar:/Users/shivanitiwari/.m2/repository/org/apache/camel/camel-platform-http-vertx/4.10.2/camel-platform-http-vertx-4.10.2.jar:/Users/shivanitiwari/.m2/repository/org/apache/camel/camel-platform-http/4.10.2/camel-platform-http-4.10.2.jar:/Users/shivanitiwari/.m2/repository/org/apache/camel/camel-http-base/4.10.2/camel-http-base-4.10.2.jar:/Users/shivanitiwari/.m2/repository/org/apache/camel/camel-vertx-common/4.10.2/camel-vertx-common-4.10.2.jar:/Users/shivanitiwari/.m2/repository/org/apache/camel/quarkus/camel-quarkus-rest/3.20.0/camel-quarkus-rest-3.20.0.jar:/Users/shivanitiwari/.m2/repository/org/apache/camel/camel-rest/4.10.2/camel-rest-4.10.2.jar:/Users/shivanitiwari/.m2/repository/org/apache/camel/quarkus/camel-quarkus-jackson/3.20.0/camel-quarkus-jackson-3.20.0.jar:/Users/shivanitiwari/.m2/repository/io/quarkus/quarkus-jaxp/3.20.0/quarkus-jaxp-3.20.0.jar:/Users/shivanitiwari/.m2/repository/com/fasterxml/jackson/module/jackson-module-jakarta-xmlbind-annotations/2.18.2/jackson-module-jakarta-xmlbind-annotations-2.18.2.jar:/Users/shivanitiwari/.m2/repository/org/apache/camel/camel-jackson/4.10.2/camel-jackson-4.10.2.jar:/Users/shivanitiwari/.m2/repository/org/eclipse/angus/angus-activation/2.0.2/angus-activation-2.0.2.jar:/Users/shivanitiwari/.m2/repository/org/apache/camel/quarkus/camel-quarkus-direct/3.20.0/camel-quarkus-direct-3.20.0.jar:/Users/shivanitiwari/.m2/repository/org/apache/camel/camel-direct/4.10.2/camel-direct-4.10.2.jar:/Users/shivanitiwari/.m2/repository/org/apache/camel/quarkus/camel-quarkus-seda/3.20.0/camel-quarkus-seda-3.20.0.jar:/Users/shivanitiwari/.m2/repository/org/apache/camel/camel-seda/4.10.2/camel-seda-4.10.2.jar:/Users/shivanitiwari/.m2/repository/org/apache/camel/quarkus/camel-quarkus-openapi-java/3.20.0/camel-quarkus-openapi-java-3.20.0.jar:/Users/shivanitiwari/.m2/repository/org/apache/camel/camel-openapi-java/4.10.2/camel-openapi-java-4.10.2.jar:/Users/shivanitiwari/.m2/repository/org/apache/camel/camel-xml-io/4.10.2/camel-xml-io-4.10.2.jar:/Users/shivanitiwari/.m2/repository/org/apache/camel/camel-xml-io-util/4.10.2/camel-xml-io-util-4.10.2.jar:/Users/shivanitiwari/.m2/repository/org/apache/camel/camel-tooling-util/4.10.2/camel-tooling-util-4.10.2.jar:/Users/shivanitiwari/.m2/repository/io/swagger/core/v3/swagger-core-jakarta/2.2.23/swagger-core-jakarta-2.2.23.jar:/Users/shivanitiwari/.m2/repository/io/swagger/core/v3/swagger-models-jakarta/2.2.23/swagger-models-jakarta-2.2.23.jar:/Users/shivanitiwari/.m2/repository/io/swagger/parser/v3/swagger-parser/2.1.25/swagger-parser-2.1.25.jar:/Users/shivanitiwari/.m2/repository/io/swagger/parser/v3/swagger-parser-v3/2.1.25/swagger-parser-v3-2.1.25.jar:/Users/shivanitiwari/.m2/repository/io/swagger/parser/v3/swagger-parser-core/2.1.25/swagger-parser-core-2.1.25.jar:/Users/shivanitiwari/.m2/repository/io/swagger/parser/v3/swagger-parser-safe-url-resolver/2.1.25/swagger-parser-safe-url-resolver-2.1.25.jar:/Users/shivanitiwari/.m2/repository/com/fasterxml/jackson/datatype/jackson-datatype-joda/2.18.2/jackson-datatype-joda-2.18.2.jar:/Users/shivanitiwari/.m2/repository/joda-time/joda-time/2.13.1/joda-time-2.13.1.jar:/Users/shivanitiwari/.m2/repository/org/apache/camel/quarkus/camel-quarkus-support-swagger/3.20.0/camel-quarkus-support-swagger-3.20.0.jar:/Users/shivanitiwari/.m2/repository/io/swagger/core/v3/swagger-annotations-jakarta/2.2.23/swagger-annotations-jakarta-2.2.23.jar:/Users/shivanitiwari/.m2/repository/org/apache/camel/quarkus/camel-quarkus-mock/3.20.0/camel-quarkus-mock-3.20.0.jar:/Users/shivanitiwari/.m2/repository/org/apache/camel/camel-mock/4.10.2/camel-mock-4.10.2.jar:/Users/shivanitiwari/.m2/repository/org/apache/camel/quarkus/camel-quarkus-log/3.20.0/camel-quarkus-log-3.20.0.jar:/Users/shivanitiwari/.m2/repository/org/apache/camel/camel-log/4.10.2/camel-log-4.10.2.jar:/Users/shivanitiwari/.m2/repository/org/apache/camel/quarkus/camel-quarkus-gson/3.20.0/camel-quarkus-gson-3.20.0.jar:/Users/shivanitiwari/.m2/repository/org/apache/camel/camel-gson/4.10.2/camel-gson-4.10.2.jar:/Users/shivanitiwari/.m2/repository/org/apache/camel/quarkus/camel-quarkus-debug/3.20.0/camel-quarkus-debug-3.20.0.jar:/Users/shivanitiwari/.m2/repository/org/apache/camel/camel-debug/4.10.2/camel-debug-4.10.2.jar:/Users/shivanitiwari/.m2/repository/org/apache/camel/quarkus/camel-quarkus-exec/3.20.0/camel-quarkus-exec-3.20.0.jar:/Users/shivanitiwari/.m2/repository/org/apache/camel/camel-exec/4.10.2/camel-exec-4.10.2.jar:/Users/shivanitiwari/.m2/repository/org/apache/commons/commons-exec/1.4.0/commons-exec-1.4.0.jar:/Users/shivanitiwari/.m2/repository/org/apache/camel/quarkus/camel-quarkus-management/3.20.0/camel-quarkus-management-3.20.0.jar:/Users/shivanitiwari/.m2/repository/org/apache/camel/quarkus/camel-quarkus-xml-io-dsl/3.20.0/camel-quarkus-xml-io-dsl-3.20.0.jar:/Users/shivanitiwari/.m2/repository/org/apache/camel/camel-xml-io-dsl/4.10.2/camel-xml-io-dsl-4.10.2.jar:/Users/shivanitiwari/.m2/repository/org/apache/camel/camel-dsl-support/4.10.2/camel-dsl-support-4.10.2.jar:/Users/shivanitiwari/.m2/repository/org/apache/camel/camel-management/4.10.2/camel-management-4.10.2.jar:/Users/shivanitiwari/.m2/repository/org/apache/camel/quarkus/camel-quarkus-jaxb/3.20.0/camel-quarkus-jaxb-3.20.0.jar:/Users/shivanitiwari/.m2/repository/org/apache/camel/camel-jaxb/4.10.2/camel-jaxb-4.10.2.jar:/Users/shivanitiwari/.m2/repository/org/apache/camel/camel-xml-jaxb/4.10.2/camel-xml-jaxb-4.10.2.jar:/Users/shivanitiwari/.m2/repository/org/apache/camel/camel-xml-jaxp/4.10.2/camel-xml-jaxp-4.10.2.jar:/Users/shivanitiwari/.m2/repository/io/quarkus/quarkus-jaxb/3.20.0/quarkus-jaxb-3.20.0.jar:/Users/shivanitiwari/.m2/repository/org/glassfish/jaxb/jaxb-runtime/4.0.5/jaxb-runtime-4.0.5.jar:/Users/shivanitiwari/.m2/repository/org/glassfish/jaxb/jaxb-core/4.0.5/jaxb-core-4.0.5.jar:/Users/shivanitiwari/.m2/repository/org/glassfish/jaxb/txw2/4.0.5/txw2-4.0.5.jar:/Users/shivanitiwari/.m2/repository/com/sun/istack/istack-commons-runtime/4.1.2/istack-commons-runtime-4.1.2.jar:/Users/shivanitiwari/.m2/repository/org/jboss/slf4j/slf4j-jboss-logmanager/2.0.0.Final/slf4j-jboss-logmanager-2.0.0.Final.jar:/Users/shivanitiwari/.m2/repository/io/quarkus/quarkus-junit5/3.20.0/quarkus-junit5-3.20.0.jar:/Users/shivanitiwari/.m2/repository/io/quarkus/quarkus-bootstrap-core/3.20.0/quarkus-bootstrap-core-3.20.0.jar:/Users/shivanitiwari/.m2/repository/io/quarkus/quarkus-classloader-commons/3.20.0/quarkus-classloader-commons-3.20.0.jar:/Users/shivanitiwari/.m2/repository/io/quarkus/quarkus-bootstrap-app-model/3.20.0/quarkus-bootstrap-app-model-3.20.0.jar:/Users/shivanitiwari/.m2/repository/io/smallrye/common/smallrye-common-io/2.10.0/smallrye-common-io-2.10.0.jar:/Users/shivanitiwari/.m2/repository/org/eclipse/sisu/org.eclipse.sisu.inject/0.9.0.M3/org.eclipse.sisu.inject-0.9.0.M3.jar:/Users/shivanitiwari/.m2/repository/io/quarkus/quarkus-test-common/3.20.0/quarkus-test-common-3.20.0.jar:/Users/shivanitiwari/.m2/repository/io/quarkus/quarkus-core-deployment/3.20.0/quarkus-core-deployment-3.20.0.jar:/Users/shivanitiwari/.m2/repository/org/aesh/readline/2.6/readline-2.6.jar:/Users/shivanitiwari/.m2/repository/org/fusesource/jansi/jansi/2.4.0/jansi-2.4.0.jar:/Users/shivanitiwari/.m2/repository/org/aesh/aesh/2.8.2/aesh-2.8.2.jar:/Users/shivanitiwari/.m2/repository/io/quarkus/gizmo/gizmo/1.8.0/gizmo-1.8.0.jar:/Users/shivanitiwari/.m2/repository/org/ow2/asm/asm-util/9.7.1/asm-util-9.7.1.jar:/Users/shivanitiwari/.m2/repository/org/ow2/asm/asm-analysis/9.7.1/asm-analysis-9.7.1.jar:/Users/shivanitiwari/.m2/repository/org/ow2/asm/asm/9.7.1/asm-9.7.1.jar:/Users/shivanitiwari/.m2/repository/org/ow2/asm/asm-commons/9.7.1/asm-commons-9.7.1.jar:/Users/shivanitiwari/.m2/repository/org/ow2/asm/asm-tree/9.7.1/asm-tree-9.7.1.jar:/Users/shivanitiwari/.m2/repository/io/quarkus/quarkus-hibernate-validator-spi/3.20.0/quarkus-hibernate-validator-spi-3.20.0.jar:/Users/shivanitiwari/.m2/repository/io/quarkus/quarkus-class-change-agent/3.20.0/quarkus-class-change-agent-3.20.0.jar:/Users/shivanitiwari/.m2/repository/io/quarkus/quarkus-devtools-utilities/3.20.0/quarkus-devtools-utilities-3.20.0.jar:/Users/shivanitiwari/.m2/repository/io/quarkus/quarkus-builder/3.20.0/quarkus-builder-3.20.0.jar:/Users/shivanitiwari/.m2/repository/org/graalvm/sdk/nativeimage/23.1.2/nativeimage-23.1.2.jar:/Users/shivanitiwari/.m2/repository/org/graalvm/sdk/word/23.1.2/word-23.1.2.jar:/Users/shivanitiwari/.m2/repository/org/junit/platform/junit-platform-launcher/1.10.5/junit-platform-launcher-1.10.5.jar:/Users/shivanitiwari/.m2/repository/io/quarkus/quarkus-bootstrap-maven-resolver/3.20.0/quarkus-bootstrap-maven-resolver-3.20.0.jar:/Users/shivanitiwari/.m2/repository/io/smallrye/beanbag/smallrye-beanbag-maven/1.5.2/smallrye-beanbag-maven-1.5.2.jar:/Users/shivanitiwari/.m2/repository/io/smallrye/beanbag/smallrye-beanbag-sisu/1.5.2/smallrye-beanbag-sisu-1.5.2.jar:/Users/shivanitiwari/.m2/repository/io/smallrye/beanbag/smallrye-beanbag/1.5.2/smallrye-beanbag-1.5.2.jar:/Users/shivanitiwari/.m2/repository/org/apache/maven/resolver/maven-resolver-transport-http/1.9.20/maven-resolver-transport-http-1.9.20.jar:/Users/shivanitiwari/.m2/repository/org/apache/maven/wagon/wagon-provider-api/3.5.3/wagon-provider-api-3.5.3.jar:/Users/shivanitiwari/.m2/repository/org/apache/maven/wagon/wagon-http-shared/3.5.3/wagon-http-shared-3.5.3.jar:/Users/shivanitiwari/.m2/repository/org/codehaus/plexus/plexus-xml/4.0.1/plexus-xml-4.0.1.jar:/Users/shivanitiwari/.m2/repository/org/apache/maven/maven-xml-impl/4.0.0-alpha-5/maven-xml-impl-4.0.0-alpha-5.jar:/Users/shivanitiwari/.m2/repository/org/apache/maven/maven-api-xml/4.0.0-alpha-5/maven-api-xml-4.0.0-alpha-5.jar:/Users/shivanitiwari/.m2/repository/org/apache/maven/maven-api-meta/4.0.0-alpha-5/maven-api-meta-4.0.0-alpha-5.jar:/Users/shivanitiwari/.m2/repository/org/codehaus/plexus/plexus-cipher/2.0/plexus-cipher-2.0.jar:/Users/shivanitiwari/.m2/repository/org/apache/maven/maven-embedder/3.9.9/maven-embedder-3.9.9.jar:/Users/shivanitiwari/.m2/repository/javax/annotation/javax.annotation-api/1.3.2/javax.annotation-api-1.3.2.jar:/Users/shivanitiwari/.m2/repository/commons-cli/commons-cli/1.8.0/commons-cli-1.8.0.jar:/Users/shivanitiwari/.m2/repository/org/apache/maven/resolver/maven-resolver-connector-basic/1.9.22/maven-resolver-connector-basic-1.9.22.jar:/Users/shivanitiwari/.m2/repository/org/apache/maven/resolver/maven-resolver-transport-wagon/1.9.22/maven-resolver-transport-wagon-1.9.22.jar:/Users/shivanitiwari/.m2/repository/org/apache/maven/wagon/wagon-http/3.5.3/wagon-http-3.5.3.jar:/Users/shivanitiwari/.m2/repository/org/apache/maven/wagon/wagon-file/3.5.3/wagon-file-3.5.3.jar:/Users/shivanitiwari/.m2/repository/io/quarkus/quarkus-bootstrap-gradle-resolver/3.20.0/quarkus-bootstrap-gradle-resolver-3.20.0.jar:/Users/shivanitiwari/.m2/repository/io/quarkus/quarkus-junit5-config/3.20.0/quarkus-junit5-config-3.20.0.jar:/Users/shivanitiwari/.m2/repository/org/junit/jupiter/junit-jupiter-api/5.10.5/junit-jupiter-api-5.10.5.jar:/Users/shivanitiwari/.m2/repository/org/opentest4j/opentest4j/1.3.0/opentest4j-1.3.0.jar:/Users/shivanitiwari/.m2/repository/org/junit/platform/junit-platform-commons/1.10.5/junit-platform-commons-1.10.5.jar:/Users/shivanitiwari/.m2/repository/org/apiguardian/apiguardian-api/1.1.2/apiguardian-api-1.1.2.jar:/Users/shivanitiwari/.m2/repository/org/junit/jupiter/junit-jupiter/5.10.5/junit-jupiter-5.10.5.jar:/Users/shivanitiwari/.m2/repository/org/junit/jupiter/junit-jupiter-params/5.10.5/junit-jupiter-params-5.10.5.jar:/Users/shivanitiwari/.m2/repository/org/junit/jupiter/junit-jupiter-engine/5.10.5/junit-jupiter-engine-5.10.5.jar:/Users/shivanitiwari/.m2/repository/org/junit/platform/junit-platform-engine/1.10.5/junit-platform-engine-1.10.5.jar:/Users/shivanitiwari/.m2/repository/org/jboss/marshalling/jboss-marshalling/2.2.2.Final/jboss-marshalling-2.2.2.Final.jar:/Users/shivanitiwari/.m2/repository/org/apache/camel/quarkus/camel-quarkus-junit5/3.20.0/camel-quarkus-junit5-3.20.0.jar:/Users/shivanitiwari/.m2/repository/org/apache/camel/camel-test-junit5/4.10.2/camel-test-junit5-4.10.2.jar:/Users/shivanitiwari/.m2/repository/org/apache/camel/camel-browse/4.10.2/camel-browse-4.10.2.jar:/Users/shivanitiwari/.m2/repository/org/apache/camel/camel-controlbus/4.10.2/camel-controlbus-4.10.2.jar:/Users/shivanitiwari/.m2/repository/org/apache/camel/camel-dataformat/4.10.2/camel-dataformat-4.10.2.jar:/Users/shivanitiwari/.m2/repository/org/apache/camel/camel-dataset/4.10.2/camel-dataset-4.10.2.jar:/Users/shivanitiwari/.m2/repository/org/apache/camel/camel-file/4.10.2/camel-file-4.10.2.jar:/Users/shivanitiwari/.m2/repository/org/apache/camel/camel-cluster/4.10.2/camel-cluster-4.10.2.jar:/Users/shivanitiwari/.m2/repository/org/apache/camel/camel-language/4.10.2/camel-language-4.10.2.jar:/Users/shivanitiwari/.m2/repository/org/apache/camel/camel-ref/4.10.2/camel-ref-4.10.2.jar:/Users/shivanitiwari/.m2/repository/org/apache/camel/camel-saga/4.10.2/camel-saga-4.10.2.jar:/Users/shivanitiwari/.m2/repository/org/apache/camel/camel-scheduler/4.10.2/camel-scheduler-4.10.2.jar:/Users/shivanitiwari/.m2/repository/org/apache/camel/camel-stub/4.10.2/camel-stub-4.10.2.jar:/Users/shivanitiwari/.m2/repository/org/apache/camel/camel-timer/4.10.2/camel-timer-4.10.2.jar:/Users/shivanitiwari/.m2/repository/org/apache/camel/camel-validator/4.10.2/camel-validator-4.10.2.jar:/Users/shivanitiwari/.m2/repository/org/apache/camel/camel-xpath/4.10.2/camel-xpath-4.10.2.jar:/Users/shivanitiwari/.m2/repository/org/apache/camel/camel-xslt/4.10.2/camel-xslt-4.10.2.jar:/Users/shivanitiwari/.m2/repository/org/mockito/mockito-core/5.15.2/mockito-core-5.15.2.jar:/Users/shivanitiwari/.m2/repository/net/bytebuddy/byte-buddy-agent/1.15.1/byte-buddy-agent-1.15.1.jar:/Users/shivanitiwari/.m2/repository/org/objenesis/objenesis/3.3/objenesis-3.3.jar:/Users/shivanitiwari/.m2/repository/io/rest-assured/rest-assured/5.5.1/rest-assured-5.5.1.jar:/Users/shivanitiwari/.m2/repository/org/apache/groovy/groovy/4.0.26/groovy-4.0.26.jar:/Users/shivanitiwari/.m2/repository/org/apache/groovy/groovy-xml/4.0.22/groovy-xml-4.0.22.jar:/Users/shivanitiwari/.m2/repository/org/apache/httpcomponents/httpclient/4.5.14/httpclient-4.5.14.jar:/Users/shivanitiwari/.m2/repository/org/apache/httpcomponents/httpcore/4.4.16/httpcore-4.4.16.jar:/Users/shivanitiwari/.m2/repository/commons-codec/commons-codec/1.18.0/commons-codec-1.18.0.jar:/Users/shivanitiwari/.m2/repository/org/apache/httpcomponents/httpmime/4.5.14/httpmime-4.5.14.jar:/Users/shivanitiwari/.m2/repository/org/hamcrest/hamcrest/2.2/hamcrest-2.2.jar:/Users/shivanitiwari/.m2/repository/org/ccil/cowan/tagsoup/tagsoup/1.2.1/tagsoup-1.2.1.jar:/Users/shivanitiwari/.m2/repository/io/rest-assured/json-path/5.5.1/json-path-5.5.1.jar:/Users/shivanitiwari/.m2/repository/org/apache/groovy/groovy-json/4.0.22/groovy-json-4.0.22.jar:/Users/shivanitiwari/.m2/repository/io/rest-assured/rest-assured-common/5.5.1/rest-assured-common-5.5.1.jar:/Users/shivanitiwari/.m2/repository/io/rest-assured/xml-path/5.5.1/xml-path-5.5.1.jar:/Users/shivanitiwari/.m2/repository/io/quarkus/quarkus-hibernate-orm-panache/3.20.0/quarkus-hibernate-orm-panache-3.20.0.jar:/Users/shivanitiwari/.m2/repository/io/quarkus/quarkus-hibernate-orm/3.20.0/quarkus-hibernate-orm-3.20.0.jar:/Users/shivanitiwari/.m2/repository/io/quarkus/quarkus-narayana-jta/3.20.0/quarkus-narayana-jta-3.20.0.jar:/Users/shivanitiwari/.m2/repository/io/quarkus/quarkus-transaction-annotations/3.20.0/quarkus-transaction-annotations-3.20.0.jar:/Users/shivanitiwari/.m2/repository/io/quarkus/quarkus-datasource-common/3.20.0/quarkus-datasource-common-3.20.0.jar:/Users/shivanitiwari/.m2/repository/io/smallrye/smallrye-context-propagation-jta/2.2.0/smallrye-context-propagation-jta-2.2.0.jar:/Users/shivanitiwari/.m2/repository/io/smallrye/reactive/smallrye-reactive-converter-api/3.0.1/smallrye-reactive-converter-api-3.0.1.jar:/Users/shivanitiwari/.m2/repository/io/smallrye/reactive/smallrye-reactive-converter-mutiny/3.0.1/smallrye-reactive-converter-mutiny-3.0.1.jar:/Users/shivanitiwari/.m2/repository/io/smallrye/reactive/mutiny-zero-flow-adapters/1.1.1/mutiny-zero-flow-adapters-1.1.1.jar:/Users/shivanitiwari/.m2/repository/org/jboss/narayana/jta/narayana-jta/7.2.1.Final/narayana-jta-7.2.1.Final.jar:/Users/shivanitiwari/.m2/repository/jakarta/resource/jakarta.resource-api/2.1.0/jakarta.resource-api-2.1.0.jar:/Users/shivanitiwari/.m2/repository/org/jboss/invocation/jboss-invocation/2.0.0.Final/jboss-invocation-2.0.0.Final.jar:/Users/shivanitiwari/.m2/repository/org/eclipse/microprofile/reactive-streams-operators/microprofile-reactive-streams-operators-api/3.0.1/microprofile-reactive-streams-operators-api-3.0.1.jar:/Users/shivanitiwari/.m2/repository/org/jboss/narayana/jts/narayana-jts-integration/7.2.1.Final/narayana-jts-integration-7.2.1.Final.jar:/Users/shivanitiwari/.m2/repository/org/hibernate/orm/hibernate-core/6.6.11.Final/hibernate-core-6.6.11.Final.jar:/Users/shivanitiwari/.m2/repository/org/antlr/antlr4-runtime/4.13.0/antlr4-runtime-4.13.0.jar:/Users/shivanitiwari/.m2/repository/net/bytebuddy/byte-buddy/1.15.11/byte-buddy-1.15.11.jar:/Users/shivanitiwari/.m2/repository/org/hibernate/common/hibernate-commons-annotations/7.0.3.Final/hibernate-commons-annotations-7.0.3.Final.jar:/Users/shivanitiwari/.m2/repository/org/hibernate/orm/hibernate-graalvm/6.6.11.Final/hibernate-graalvm-6.6.11.Final.jar:/Users/shivanitiwari/.m2/repository/jakarta/persistence/jakarta.persistence-api/3.1.0/jakarta.persistence-api-3.1.0.jar:/Users/shivanitiwari/.m2/repository/org/hibernate/quarkus-local-cache/0.3.0/quarkus-local-cache-0.3.0.jar:/Users/shivanitiwari/.m2/repository/io/quarkus/quarkus-caffeine/3.20.0/quarkus-caffeine-3.20.0.jar:/Users/shivanitiwari/.m2/repository/com/github/ben-manes/caffeine/caffeine/3.2.0/caffeine-3.2.0.jar:/Users/shivanitiwari/.m2/repository/org/jspecify/jspecify/1.0.0/jspecify-1.0.0.jar:/Users/shivanitiwari/.m2/repository/io/quarkus/quarkus-hibernate-orm-panache-common/3.20.0/quarkus-hibernate-orm-panache-common-3.20.0.jar:/Users/shivanitiwari/.m2/repository/io/quarkus/quarkus-panache-hibernate-common/3.20.0/quarkus-panache-hibernate-common-3.20.0.jar:/Users/shivanitiwari/.m2/repository/io/quarkus/quarkus-panache-common/3.20.0/quarkus-panache-common-3.20.0.jar:/Users/shivanitiwari/.m2/repository/io/quarkus/quarkus-hibernate-validator/3.20.0/quarkus-hibernate-validator-3.20.0.jar:/Users/shivanitiwari/.m2/repository/org/hibernate/validator/hibernate-validator/8.0.2.Final/hibernate-validator-8.0.2.Final.jar:/Users/shivanitiwari/.m2/repository/com/fasterxml/classmate/1.7.0/classmate-1.7.0.jar:/Users/shivanitiwari/.m2/repository/org/glassfish/expressly/expressly/5.0.0/expressly-5.0.0.jar:/Users/shivanitiwari/.m2/repository/jakarta/el/jakarta.el-api/5.0.1/jakarta.el-api-5.0.1.jar:/Users/shivanitiwari/.m2/repository/io/smallrye/config/smallrye-config-validator/3.11.4/smallrye-config-validator-3.11.4.jar:/Users/shivanitiwari/.m2/repository/jakarta/ws/rs/jakarta.ws.rs-api/3.1.0/jakarta.ws.rs-api-3.1.0.jar:/Users/shivanitiwari/.m2/repository/io/quarkus/quarkus-jdbc-postgresql/3.20.0/quarkus-jdbc-postgresql-3.20.0.jar:/Users/shivanitiwari/.m2/repository/io/quarkus/quarkus-agroal/3.20.0/quarkus-agroal-3.20.0.jar:/Users/shivanitiwari/.m2/repository/io/quarkus/quarkus-datasource/3.20.0/quarkus-datasource-3.20.0.jar:/Users/shivanitiwari/.m2/repository/io/agroal/agroal-api/2.5/agroal-api-2.5.jar:/Users/shivanitiwari/.m2/repository/io/agroal/agroal-narayana/2.5/agroal-narayana-2.5.jar:/Users/shivanitiwari/.m2/repository/org/jboss/jboss-transaction-spi/8.0.0.Final/jboss-transaction-spi-8.0.0.Final.jar:/Users/shivanitiwari/.m2/repository/io/agroal/agroal-pool/2.5/agroal-pool-2.5.jar:/Users/shivanitiwari/.m2/repository/org/postgresql/postgresql/42.7.5/postgresql-42.7.5.jar:/Users/shivanitiwari/.m2/repository/io/quarkus/quarkus-jdbc-h2/3.20.0/quarkus-jdbc-h2-3.20.0.jar:/Users/shivanitiwari/.m2/repository/com/h2database/h2/2.3.230/h2-2.3.230.jar:/Users/shivanitiwari/.m2/repository/org/locationtech/jts/jts-core/1.19.0/jts-core-1.19.0.jar:/Users/shivanitiwari/.m2/repository/org/apache/camel/quarkus/camel-quarkus-microprofile-health/3.20.0/camel-quarkus-microprofile-health-3.20.0.jar:/Users/shivanitiwari/.m2/repository/org/apache/camel/camel-microprofile-health/4.10.2/camel-microprofile-health-4.10.2.jar:/Users/shivanitiwari/.m2/repository/org/apache/camel/camel-health/4.10.2/camel-health-4.10.2.jar:/Users/shivanitiwari/.m2/repository/javax/xml/bind/jaxb-api/2.3.1/jaxb-api-2.3.1.jar:/Users/shivanitiwari/.m2/repository/javax/activation/javax.activation-api/1.2.0/javax.activation-api-1.2.0.jar:/Users/shivanitiwari/.m2/repository/com/google/code/gson/gson/2.12.1/gson-2.12.1.jar:/Users/shivanitiwari/.m2/repository/com/google/errorprone/error_prone_annotations/2.36.0/error_prone_annotations-2.36.0.jar:/Users/shivanitiwari/.m2/repository/com/googlecode/json-simple/json-simple/1.1.1/json-simple-1.1.1.jar:/Users/shivanitiwari/.m2/repository/junit/junit/4.10/junit-4.10.jar:/Users/shivanitiwari/.m2/repository/org/hamcrest/hamcrest-core/1.1/hamcrest-core-1.1.jar:/Users/shivanitiwari/.m2/repository/org/json/json/20231013/json-20231013.jar:/Users/shivanitiwari/.m2/repository/com/fasterxml/jackson/datatype/jackson-datatype-jsr310/2.14.1/jackson-datatype-jsr310-2.14.1.jar:/Users/shivanitiwari/.m2/repository/com/fasterxml/jackson/core/jackson-annotations/2.16.0/jackson-annotations-2.16.0.jar:/Users/shivanitiwari/.m2/repository/com/fasterxml/jackson/core/jackson-core/2.18.2/jackson-core-2.18.2.jar:/Users/shivanitiwari/.m2/repository/com/fasterxml/jackson/core/jackson-databind/2.16.0/jackson-databind-2.16.0.jar:/Users/shivanitiwari/.m2/repository/javax/ws/rs/javax.ws.rs-api/2.0/javax.ws.rs-api-2.0.jar:/Users/shivanitiwari/.m2/repository/org/apache/commons/commons-text/1.13.1/commons-text-1.13.1.jar:/Users/shivanitiwari/.m2/repository/org/apache/commons/commons-lang3/3.17.0/commons-lang3-3.17.0.jar:/Users/shivanitiwari/.m2/repository/org/apache/maven/plugins/maven-resources-plugin/3.2.0/maven-resources-plugin-3.2.0.jar:/Users/shivanitiwari/.m2/repository/org/apache/maven/maven-plugin-api/3.9.9/maven-plugin-api-3.9.9.jar:/Users/shivanitiwari/.m2/repository/org/apache/maven/maven-artifact/3.9.9/maven-artifact-3.9.9.jar:/Users/shivanitiwari/.m2/repository/org/codehaus/plexus/plexus-utils/3.5.1/plexus-utils-3.5.1.jar:/Users/shivanitiwari/.m2/repository/org/codehaus/plexus/plexus-classworlds/2.6.0/plexus-classworlds-2.6.0.jar:/Users/shivanitiwari/.m2/repository/org/apache/maven/maven-core/3.9.9/maven-core-3.9.9.jar:/Users/shivanitiwari/.m2/repository/org/apache/maven/maven-settings/3.9.9/maven-settings-3.9.9.jar:/Users/shivanitiwari/.m2/repository/org/apache/maven/maven-settings-builder/3.9.9/maven-settings-builder-3.9.9.jar:/Users/shivanitiwari/.m2/repository/org/codehaus/plexus/plexus-sec-dispatcher/2.0/plexus-sec-dispatcher-2.0.jar:/Users/shivanitiwari/.m2/repository/org/apache/maven/maven-builder-support/3.9.9/maven-builder-support-3.9.9.jar:/Users/shivanitiwari/.m2/repository/org/apache/maven/maven-repository-metadata/3.9.9/maven-repository-metadata-3.9.9.jar:/Users/shivanitiwari/.m2/repository/org/apache/maven/maven-model-builder/3.9.9/maven-model-builder-3.9.9.jar:/Users/shivanitiwari/.m2/repository/org/apache/maven/maven-resolver-provider/3.9.9/maven-resolver-provider-3.9.9.jar:/Users/shivanitiwari/.m2/repository/org/apache/maven/resolver/maven-resolver-impl/1.9.22/maven-resolver-impl-1.9.22.jar:/Users/shivanitiwari/.m2/repository/org/apache/maven/resolver/maven-resolver-named-locks/1.9.22/maven-resolver-named-locks-1.9.22.jar:/Users/shivanitiwari/.m2/repository/org/apache/maven/resolver/maven-resolver-api/1.9.22/maven-resolver-api-1.9.22.jar:/Users/shivanitiwari/.m2/repository/org/apache/maven/resolver/maven-resolver-spi/1.9.22/maven-resolver-spi-1.9.22.jar:/Users/shivanitiwari/.m2/repository/org/apache/maven/resolver/maven-resolver-util/1.9.22/maven-resolver-util-1.9.22.jar:/Users/shivanitiwari/.m2/repository/org/apache/maven/shared/maven-shared-utils/3.4.2/maven-shared-utils-3.4.2.jar:/Users/shivanitiwari/.m2/repository/com/google/inject/guice/5.1.0/guice-5.1.0.jar:/Users/shivanitiwari/.m2/repository/aopalliance/aopalliance/1.0/aopalliance-1.0.jar:/Users/shivanitiwari/.m2/repository/com/google/guava/guava/33.4.0-jre/guava-33.4.0-jre.jar:/Users/shivanitiwari/.m2/repository/com/google/guava/failureaccess/1.0.1/failureaccess-1.0.1.jar:/Users/shivanitiwari/.m2/repository/javax/inject/javax.inject/1/javax.inject-1.jar:/Users/shivanitiwari/.m2/repository/org/apache/maven/maven-model/3.9.9/maven-model-3.9.9.jar:/Users/shivanitiwari/.m2/repository/org/codehaus/plexus/plexus-component-annotations/2.1.0/plexus-component-annotations-2.1.0.jar:/Users/shivanitiwari/.m2/repository/org/codehaus/plexus/plexus-interpolation/1.26/plexus-interpolation-1.26.jar:/Users/shivanitiwari/.m2/repository/org/eclipse/sisu/org.eclipse.sisu.plexus/0.9.0.M3/org.eclipse.sisu.plexus-0.9.0.M3.jar:/Users/shivanitiwari/.m2/repository/org/apache/maven/shared/maven-filtering/3.2.0/maven-filtering-3.2.0.jar:/Users/shivanitiwari/.m2/repository/org/sonatype/plexus/plexus-build-api/0.0.7/plexus-build-api-0.0.7.jar:/Users/shivanitiwari/.m2/repository/commons-io/commons-io/2.18.0/commons-io-2.18.0.jar:"/>
    <property name="java.vm.vendor" value="Eclipse Adoptium"/>
    <property name="sun.arch.data.model" value="64"/>
    <property name="java.vendor.url" value="https://adoptium.net/"/>
    <property name="user.timezone" value="Asia/Kolkata"/>
    <property name="logging.initial-configurator.min-level" value="500"/>
    <property name="os.name" value="Mac OS X"/>
    <property name="java.vm.specification.version" value="17"/>
    <property name="sun.java.launcher" value="SUN_STANDARD"/>
    <property name="user.country" value="IN"/>
    <property name="groovy.use.classvalue" value="false"/>
    <property name="sun.boot.library.path" value="/Users/shivanitiwari/.p2/pool/plugins/org.eclipse.justj.openjdk.hotspot.jre.full.macosx.x86_64_17.0.6.v20230125-1136/jre/lib"/>
    <property name="sun.java.command" value="/Users/shivanitiwari/Documents/Brix/BrIX-service/brix-restapi/target/surefire/surefirebooter-20250722135851146_3.jar /Users/shivanitiwari/Documents/Brix/BrIX-service/brix-restapi/target/surefire 2025-07-22T13-58-51_061-jvmRun1 surefire-20250722135851146_1tmp surefire_0-20250722135851146_2tmp"/>
    <property name="jdk.debug" value="release"/>
    <property name="maven.home" value="/Users/shivanitiwari/Documents/Brix/BrIX-service/brix-restapi/EMBEDDED"/>
    <property name="surefire.test.class.path" value="/Users/shivanitiwari/Documents/Brix/BrIX-service/brix-restapi/target/test-classes:/Users/shivanitiwari/Documents/Brix/BrIX-service/brix-restapi/target/classes:/Users/shivanitiwari/.m2/repository/io/quarkus/quarkus-container-image-openshift/3.20.0/quarkus-container-image-openshift-3.20.0.jar:/Users/shivanitiwari/.m2/repository/io/quarkus/quarkus-kubernetes-client-internal/3.20.0/quarkus-kubernetes-client-internal-3.20.0.jar:/Users/shivanitiwari/.m2/repository/io/quarkus/quarkus-tls-registry/3.20.0/quarkus-tls-registry-3.20.0.jar:/Users/shivanitiwari/.m2/repository/io/smallrye/certs/smallrye-private-key-pem-parser/0.9.2/smallrye-private-key-pem-parser-0.9.2.jar:/Users/shivanitiwari/.m2/repository/io/quarkus/quarkus-container-image/3.20.0/quarkus-container-image-3.20.0.jar:/Users/shivanitiwari/.m2/repository/io/quarkus/quarkus-resteasy/3.20.0/quarkus-resteasy-3.20.0.jar:/Users/shivanitiwari/.m2/repository/io/quarkus/quarkus-vertx-http/3.20.0/quarkus-vertx-http-3.20.0.jar:/Users/shivanitiwari/.m2/repository/io/quarkus/quarkus-security-runtime-spi/3.20.0/quarkus-security-runtime-spi-3.20.0.jar:/Users/shivanitiwari/.m2/repository/io/quarkus/quarkus-credentials/3.20.0/quarkus-credentials-3.20.0.jar:/Users/shivanitiwari/.m2/repository/io/quarkus/quarkus-mutiny/3.20.0/quarkus-mutiny-3.20.0.jar:/Users/shivanitiwari/.m2/repository/io/quarkus/quarkus-smallrye-context-propagation/3.20.0/quarkus-smallrye-context-propagation-3.20.0.jar:/Users/shivanitiwari/.m2/repository/io/smallrye/smallrye-context-propagation/2.2.0/smallrye-context-propagation-2.2.0.jar:/Users/shivanitiwari/.m2/repository/io/smallrye/smallrye-context-propagation-api/2.2.0/smallrye-context-propagation-api-2.2.0.jar:/Users/shivanitiwari/.m2/repository/io/smallrye/smallrye-context-propagation-storage/2.2.0/smallrye-context-propagation-storage-2.2.0.jar:/Users/shivanitiwari/.m2/repository/io/smallrye/reactive/mutiny-smallrye-context-propagation/2.8.0/mutiny-smallrye-context-propagation-2.8.0.jar:/Users/shivanitiwari/.m2/repository/io/smallrye/common/smallrye-common-vertx-context/2.10.0/smallrye-common-vertx-context-2.10.0.jar:/Users/shivanitiwari/.m2/repository/io/vertx/vertx-core/4.5.13/vertx-core-4.5.13.jar:/Users/shivanitiwari/.m2/repository/io/netty/netty-resolver-dns/4.1.118.Final/netty-resolver-dns-4.1.118.Final.jar:/Users/shivanitiwari/.m2/repository/io/netty/netty-codec-dns/4.1.118.Final/netty-codec-dns-4.1.118.Final.jar:/Users/shivanitiwari/.m2/repository/io/smallrye/common/smallrye-common-constraint/2.10.0/smallrye-common-constraint-2.10.0.jar:/Users/shivanitiwari/.m2/repository/io/quarkus/security/quarkus-security/2.2.1/quarkus-security-2.2.1.jar:/Users/shivanitiwari/.m2/repository/io/quarkus/quarkus-vertx/3.20.0/quarkus-vertx-3.20.0.jar:/Users/shivanitiwari/.m2/repository/io/netty/netty-codec-haproxy/4.1.118.Final/netty-codec-haproxy-4.1.118.Final.jar:/Users/shivanitiwari/.m2/repository/io/smallrye/common/smallrye-common-annotation/2.10.0/smallrye-common-annotation-2.10.0.jar:/Users/shivanitiwari/.m2/repository/io/quarkus/quarkus-virtual-threads/3.20.0/quarkus-virtual-threads-3.20.0.jar:/Users/shivanitiwari/.m2/repository/io/quarkus/quarkus-vertx-latebound-mdc-provider/3.20.0/quarkus-vertx-latebound-mdc-provider-3.20.0.jar:/Users/shivanitiwari/.m2/repository/io/smallrye/reactive/smallrye-mutiny-vertx-core/3.18.1/smallrye-mutiny-vertx-core-3.18.1.jar:/Users/shivanitiwari/.m2/repository/io/smallrye/reactive/smallrye-mutiny-vertx-runtime/3.18.1/smallrye-mutiny-vertx-runtime-3.18.1.jar:/Users/shivanitiwari/.m2/repository/io/smallrye/reactive/vertx-mutiny-generator/3.18.1/vertx-mutiny-generator-3.18.1.jar:/Users/shivanitiwari/.m2/repository/io/vertx/vertx-codegen/4.5.13/vertx-codegen-4.5.13.jar:/Users/shivanitiwari/.m2/repository/io/smallrye/smallrye-fault-tolerance-vertx/6.9.0/smallrye-fault-tolerance-vertx-6.9.0.jar:/Users/shivanitiwari/.m2/repository/io/smallrye/reactive/smallrye-mutiny-vertx-web/3.18.1/smallrye-mutiny-vertx-web-3.18.1.jar:/Users/shivanitiwari/.m2/repository/io/smallrye/reactive/smallrye-mutiny-vertx-web-common/3.18.1/smallrye-mutiny-vertx-web-common-3.18.1.jar:/Users/shivanitiwari/.m2/repository/io/smallrye/reactive/smallrye-mutiny-vertx-auth-common/3.18.1/smallrye-mutiny-vertx-auth-common-3.18.1.jar:/Users/shivanitiwari/.m2/repository/io/smallrye/reactive/smallrye-mutiny-vertx-bridge-common/3.18.1/smallrye-mutiny-vertx-bridge-common-3.18.1.jar:/Users/shivanitiwari/.m2/repository/io/smallrye/reactive/smallrye-mutiny-vertx-uri-template/3.18.1/smallrye-mutiny-vertx-uri-template-3.18.1.jar:/Users/shivanitiwari/.m2/repository/io/vertx/vertx-uri-template/4.5.13/vertx-uri-template-4.5.13.jar:/Users/shivanitiwari/.m2/repository/io/vertx/vertx-web/4.5.13/vertx-web-4.5.13.jar:/Users/shivanitiwari/.m2/repository/io/vertx/vertx-web-common/4.5.13/vertx-web-common-4.5.13.jar:/Users/shivanitiwari/.m2/repository/io/vertx/vertx-auth-common/4.5.13/vertx-auth-common-4.5.13.jar:/Users/shivanitiwari/.m2/repository/io/vertx/vertx-bridge-common/4.5.13/vertx-bridge-common-4.5.13.jar:/Users/shivanitiwari/.m2/repository/io/github/crac/org-crac/0.1.3/org-crac-0.1.3.jar:/Users/shivanitiwari/.m2/repository/com/aayushatharva/brotli4j/brotli4j/1.16.0/brotli4j-1.16.0.jar:/Users/shivanitiwari/.m2/repository/com/aayushatharva/brotli4j/service/1.16.0/service-1.16.0.jar:/Users/shivanitiwari/.m2/repository/com/aayushatharva/brotli4j/native-osx-x86_64/1.16.0/native-osx-x86_64-1.16.0.jar:/Users/shivanitiwari/.m2/repository/io/quarkus/vertx/utils/quarkus-vertx-utils/3.20.0/quarkus-vertx-utils-3.20.0.jar:/Users/shivanitiwari/.m2/repository/org/jboss/logging/jboss-logging/3.6.1.Final/jboss-logging-3.6.1.Final.jar:/Users/shivanitiwari/.m2/repository/io/quarkus/quarkus-resteasy-server-common/3.20.0/quarkus-resteasy-server-common-3.20.0.jar:/Users/shivanitiwari/.m2/repository/io/quarkus/quarkus-resteasy-common/3.20.0/quarkus-resteasy-common-3.20.0.jar:/Users/shivanitiwari/.m2/repository/org/jboss/resteasy/microprofile/microprofile-config/3.0.1.Final/microprofile-config-3.0.1.Final.jar:/Users/shivanitiwari/.m2/repository/jakarta/servlet/jakarta.servlet-api/6.0.0/jakarta.servlet-api-6.0.0.jar:/Users/shivanitiwari/.m2/repository/org/jboss/resteasy/resteasy-cdi/6.2.12.Final/resteasy-cdi-6.2.12.Final.jar:/Users/shivanitiwari/.m2/repository/jakarta/interceptor/jakarta.interceptor-api/2.2.0/jakarta.interceptor-api-2.2.0.jar:/Users/shivanitiwari/.m2/repository/jakarta/validation/jakarta.validation-api/3.0.2/jakarta.validation-api-3.0.2.jar:/Users/shivanitiwari/.m2/repository/io/quarkus/quarkus-resteasy-jackson/3.20.0/quarkus-resteasy-jackson-3.20.0.jar:/Users/shivanitiwari/.m2/repository/io/quarkus/quarkus-jackson/3.20.0/quarkus-jackson-3.20.0.jar:/Users/shivanitiwari/.m2/repository/com/fasterxml/jackson/datatype/jackson-datatype-jdk8/2.18.2/jackson-datatype-jdk8-2.18.2.jar:/Users/shivanitiwari/.m2/repository/com/fasterxml/jackson/module/jackson-module-parameter-names/2.18.2/jackson-module-parameter-names-2.18.2.jar:/Users/shivanitiwari/.m2/repository/org/jboss/resteasy/resteasy-jackson2-provider/6.2.12.Final/resteasy-jackson2-provider-6.2.12.Final.jar:/Users/shivanitiwari/.m2/repository/org/jboss/resteasy/resteasy-core-spi/6.2.12.Final/resteasy-core-spi-6.2.12.Final.jar:/Users/shivanitiwari/.m2/repository/org/reactivestreams/reactive-streams/1.0.4/reactive-streams-1.0.4.jar:/Users/shivanitiwari/.m2/repository/org/jboss/resteasy/resteasy-core/6.2.12.Final/resteasy-core-6.2.12.Final.jar:/Users/shivanitiwari/.m2/repository/com/ibm/async/asyncutil/0.1.0/asyncutil-0.1.0.jar:/Users/shivanitiwari/.m2/repository/com/fasterxml/jackson/jakarta/rs/jackson-jakarta-rs-base/2.18.2/jackson-jakarta-rs-base-2.18.2.jar:/Users/shivanitiwari/.m2/repository/com/fasterxml/jackson/jakarta/rs/jackson-jakarta-rs-json-provider/2.18.2/jackson-jakarta-rs-json-provider-2.18.2.jar:/Users/shivanitiwari/.m2/repository/com/github/java-json-tools/json-patch/1.13/json-patch-1.13.jar:/Users/shivanitiwari/.m2/repository/com/github/java-json-tools/msg-simple/1.2/msg-simple-1.2.jar:/Users/shivanitiwari/.m2/repository/com/github/java-json-tools/btf/1.3/btf-1.3.jar:/Users/shivanitiwari/.m2/repository/com/github/java-json-tools/jackson-coreutils/2.0/jackson-coreutils-2.0.jar:/Users/shivanitiwari/.m2/repository/jakarta/xml/bind/jakarta.xml.bind-api/4.0.2/jakarta.xml.bind-api-4.0.2.jar:/Users/shivanitiwari/.m2/repository/jakarta/activation/jakarta.activation-api/2.1.3/jakarta.activation-api-2.1.3.jar:/Users/shivanitiwari/.m2/repository/io/quarkus/quarkus-smallrye-openapi/3.20.0/quarkus-smallrye-openapi-3.20.0.jar:/Users/shivanitiwari/.m2/repository/io/smallrye/smallrye-open-api-core/4.0.8/smallrye-open-api-core-4.0.8.jar:/Users/shivanitiwari/.m2/repository/org/eclipse/microprofile/openapi/microprofile-openapi-api/4.0.2/microprofile-openapi-api-4.0.2.jar:/Users/shivanitiwari/.m2/repository/org/eclipse/microprofile/config/microprofile-config-api/3.1/microprofile-config-api-3.1.jar:/Users/shivanitiwari/.m2/repository/io/smallrye/smallrye-open-api-model/4.0.8/smallrye-open-api-model-4.0.8.jar:/Users/shivanitiwari/.m2/repository/com/fasterxml/jackson/dataformat/jackson-dataformat-yaml/2.18.2/jackson-dataformat-yaml-2.18.2.jar:/Users/shivanitiwari/.m2/repository/org/yaml/snakeyaml/2.3/snakeyaml-2.3.jar:/Users/shivanitiwari/.m2/repository/io/smallrye/common/smallrye-common-classloader/2.10.0/smallrye-common-classloader-2.10.0.jar:/Users/shivanitiwari/.m2/repository/io/quarkus/quarkus-core/3.20.0/quarkus-core-3.20.0.jar:/Users/shivanitiwari/.m2/repository/jakarta/annotation/jakarta.annotation-api/3.0.0/jakarta.annotation-api-3.0.0.jar:/Users/shivanitiwari/.m2/repository/jakarta/enterprise/jakarta.enterprise.cdi-api/4.1.0/jakarta.enterprise.cdi-api-4.1.0.jar:/Users/shivanitiwari/.m2/repository/jakarta/enterprise/jakarta.enterprise.lang-model/4.1.0/jakarta.enterprise.lang-model-4.1.0.jar:/Users/shivanitiwari/.m2/repository/jakarta/inject/jakarta.inject-api/2.0.1/jakarta.inject-api-2.0.1.jar:/Users/shivanitiwari/.m2/repository/io/smallrye/common/smallrye-common-os/2.10.0/smallrye-common-os-2.10.0.jar:/Users/shivanitiwari/.m2/repository/io/quarkus/quarkus-ide-launcher/3.20.0/quarkus-ide-launcher-3.20.0.jar:/Users/shivanitiwari/.m2/repository/io/smallrye/config/smallrye-config/3.11.4/smallrye-config-3.11.4.jar:/Users/shivanitiwari/.m2/repository/io/smallrye/config/smallrye-config-core/3.11.4/smallrye-config-core-3.11.4.jar:/Users/shivanitiwari/.m2/repository/io/smallrye/config/smallrye-config-common/3.11.4/smallrye-config-common-3.11.4.jar:/Users/shivanitiwari/.m2/repository/org/jboss/logmanager/jboss-logmanager/3.1.2.Final/jboss-logmanager-3.1.2.Final.jar:/Users/shivanitiwari/.m2/repository/io/smallrye/common/smallrye-common-cpu/2.10.0/smallrye-common-cpu-2.10.0.jar:/Users/shivanitiwari/.m2/repository/io/smallrye/common/smallrye-common-expression/2.10.0/smallrye-common-expression-2.10.0.jar:/Users/shivanitiwari/.m2/repository/io/smallrye/common/smallrye-common-net/2.10.0/smallrye-common-net-2.10.0.jar:/Users/shivanitiwari/.m2/repository/io/smallrye/common/smallrye-common-ref/2.10.0/smallrye-common-ref-2.10.0.jar:/Users/shivanitiwari/.m2/repository/org/jboss/logging/jboss-logging-annotations/3.0.4.Final/jboss-logging-annotations-3.0.4.Final.jar:/Users/shivanitiwari/.m2/repository/org/jboss/threads/jboss-threads/3.8.0.Final/jboss-threads-3.8.0.Final.jar:/Users/shivanitiwari/.m2/repository/io/smallrye/common/smallrye-common-function/2.10.0/smallrye-common-function-2.10.0.jar:/Users/shivanitiwari/.m2/repository/org/slf4j/slf4j-api/2.0.6/slf4j-api-2.0.6.jar:/Users/shivanitiwari/.m2/repository/org/wildfly/common/wildfly-common/2.0.1/wildfly-common-2.0.1.jar:/Users/shivanitiwari/.m2/repository/io/quarkus/quarkus-bootstrap-runner/3.20.0/quarkus-bootstrap-runner-3.20.0.jar:/Users/shivanitiwari/.m2/repository/io/quarkus/quarkus-fs-util/0.0.10/quarkus-fs-util-0.0.10.jar:/Users/shivanitiwari/.m2/repository/io/quarkus/quarkus-swagger-ui/3.20.0/quarkus-swagger-ui-3.20.0.jar:/Users/shivanitiwari/.m2/repository/com/ibm/brix/common/brix-common/1.0.0-SNAPSHOT/brix-common-1.0.0-SNAPSHOT.jar:/Users/shivanitiwari/.m2/repository/io/smallrye/jandex/3.2.7/jandex-3.2.7.jar:/Users/shivanitiwari/.m2/repository/io/quarkus/quarkus-arc/3.20.0/quarkus-arc-3.20.0.jar:/Users/shivanitiwari/.m2/repository/io/quarkus/arc/arc/3.20.0/arc-3.20.0.jar:/Users/shivanitiwari/.m2/repository/jakarta/transaction/jakarta.transaction-api/2.0.1/jakarta.transaction-api-2.0.1.jar:/Users/shivanitiwari/.m2/repository/io/smallrye/reactive/mutiny/2.8.0/mutiny-2.8.0.jar:/Users/shivanitiwari/.m2/repository/org/jctools/jctools-core/4.0.5/jctools-core-4.0.5.jar:/Users/shivanitiwari/.m2/repository/org/eclipse/microprofile/context-propagation/microprofile-context-propagation-api/1.3/microprofile-context-propagation-api-1.3.jar:/Users/shivanitiwari/.m2/repository/io/quarkus/quarkus-openshift/3.20.0/quarkus-openshift-3.20.0.jar:/Users/shivanitiwari/.m2/repository/io/quarkus/quarkus-kubernetes/3.20.0/quarkus-kubernetes-3.20.0.jar:/Users/shivanitiwari/.m2/repository/io/quarkus/quarkus-smallrye-health/3.20.0/quarkus-smallrye-health-3.20.0.jar:/Users/shivanitiwari/.m2/repository/io/smallrye/smallrye-health/4.2.0/smallrye-health-4.2.0.jar:/Users/shivanitiwari/.m2/repository/org/eclipse/microprofile/health/microprofile-health-api/4.0.1/microprofile-health-api-4.0.1.jar:/Users/shivanitiwari/.m2/repository/io/smallrye/smallrye-health-api/4.2.0/smallrye-health-api-4.2.0.jar:/Users/shivanitiwari/.m2/repository/jakarta/json/jakarta.json-api/2.1.3/jakarta.json-api-2.1.3.jar:/Users/shivanitiwari/.m2/repository/io/smallrye/smallrye-health-provided-checks/4.2.0/smallrye-health-provided-checks-4.2.0.jar:/Users/shivanitiwari/.m2/repository/io/quarkus/quarkus-jsonp/3.20.0/quarkus-jsonp-3.20.0.jar:/Users/shivanitiwari/.m2/repository/org/eclipse/parsson/parsson/1.1.7/parsson-1.1.7.jar:/Users/shivanitiwari/.m2/repository/io/quarkiverse/artemis/quarkus-artemis-jms/3.5.0/quarkus-artemis-jms-3.5.0.jar:/Users/shivanitiwari/.m2/repository/io/quarkiverse/artemis/quarkus-artemis-core/3.5.0/quarkus-artemis-core-3.5.0.jar:/Users/shivanitiwari/.m2/repository/io/quarkus/quarkus-netty/3.20.0/quarkus-netty-3.20.0.jar:/Users/shivanitiwari/.m2/repository/io/netty/netty-codec/4.1.118.Final/netty-codec-4.1.118.Final.jar:/Users/shivanitiwari/.m2/repository/io/netty/netty-codec-http/4.1.118.Final/netty-codec-http-4.1.118.Final.jar:/Users/shivanitiwari/.m2/repository/io/netty/netty-codec-http2/4.1.118.Final/netty-codec-http2-4.1.118.Final.jar:/Users/shivanitiwari/.m2/repository/io/netty/netty-handler/4.1.118.Final/netty-handler-4.1.118.Final.jar:/Users/shivanitiwari/.m2/repository/io/netty/netty-transport-native-unix-common/4.1.118.Final/netty-transport-native-unix-common-4.1.118.Final.jar:/Users/shivanitiwari/.m2/repository/org/apache/activemq/artemis-core-client/2.37.0/artemis-core-client-2.37.0.jar:/Users/shivanitiwari/.m2/repository/org/jgroups/jgroups/5.3.10.Final/jgroups-5.3.10.Final.jar:/Users/shivanitiwari/.m2/repository/io/netty/netty-transport-native-epoll/4.1.118.Final/netty-transport-native-epoll-4.1.118.Final-linux-x86_64.jar:/Users/shivanitiwari/.m2/repository/io/netty/netty-transport-classes-epoll/4.1.118.Final/netty-transport-classes-epoll-4.1.118.Final.jar:/Users/shivanitiwari/.m2/repository/io/netty/netty-transport-native-kqueue/4.1.118.Final/netty-transport-native-kqueue-4.1.118.Final-osx-x86_64.jar:/Users/shivanitiwari/.m2/repository/io/netty/netty-transport-classes-kqueue/4.1.118.Final/netty-transport-classes-kqueue-4.1.118.Final.jar:/Users/shivanitiwari/.m2/repository/io/netty/netty-buffer/4.1.118.Final/netty-buffer-4.1.118.Final.jar:/Users/shivanitiwari/.m2/repository/io/netty/netty-transport/4.1.118.Final/netty-transport-4.1.118.Final.jar:/Users/shivanitiwari/.m2/repository/io/netty/netty-handler-proxy/4.1.118.Final/netty-handler-proxy-4.1.118.Final.jar:/Users/shivanitiwari/.m2/repository/io/netty/netty-codec-socks/4.1.118.Final/netty-codec-socks-4.1.118.Final.jar:/Users/shivanitiwari/.m2/repository/io/netty/netty-common/4.1.118.Final/netty-common-4.1.118.Final.jar:/Users/shivanitiwari/.m2/repository/io/netty/netty-resolver/4.1.118.Final/netty-resolver-4.1.118.Final.jar:/Users/shivanitiwari/.m2/repository/de/dentrassi/crypto/pem-keystore/2.4.0/pem-keystore-2.4.0.jar:/Users/shivanitiwari/.m2/repository/org/bouncycastle/bcprov-jdk18on/1.80/bcprov-jdk18on-1.80.jar:/Users/shivanitiwari/.m2/repository/org/bouncycastle/bcpkix-jdk18on/1.80/bcpkix-jdk18on-1.80.jar:/Users/shivanitiwari/.m2/repository/org/bouncycastle/bcutil-jdk18on/1.80/bcutil-jdk18on-1.80.jar:/Users/shivanitiwari/.m2/repository/org/jboss/logging/commons-logging-jboss-logging/1.0.0.Final/commons-logging-jboss-logging-1.0.0.Final.jar:/Users/shivanitiwari/.m2/repository/org/apache/activemq/artemis-jakarta-client/2.37.0/artemis-jakarta-client-2.37.0.jar:/Users/shivanitiwari/.m2/repository/org/apache/activemq/artemis-commons/2.37.0/artemis-commons-2.37.0.jar:/Users/shivanitiwari/.m2/repository/commons-beanutils/commons-beanutils/1.9.4/commons-beanutils-1.9.4.jar:/Users/shivanitiwari/.m2/repository/commons-collections/commons-collections/3.2.2/commons-collections-3.2.2.jar:/Users/shivanitiwari/.m2/repository/org/apache/activemq/artemis-selector/2.37.0/artemis-selector-2.37.0.jar:/Users/shivanitiwari/.m2/repository/org/apache/camel/quarkus/camel-quarkus-core/3.20.0/camel-quarkus-core-3.20.0.jar:/Users/shivanitiwari/.m2/repository/io/quarkus/quarkus-development-mode-spi/3.20.0/quarkus-development-mode-spi-3.20.0.jar:/Users/shivanitiwari/.m2/repository/org/apache/camel/camel-base/4.10.2/camel-base-4.10.2.jar:/Users/shivanitiwari/.m2/repository/org/apache/camel/camel-api/4.10.2/camel-api-4.10.2.jar:/Users/shivanitiwari/.m2/repository/org/apache/camel/camel-management-api/4.10.2/camel-management-api-4.10.2.jar:/Users/shivanitiwari/.m2/repository/org/apache/camel/camel-support/4.10.2/camel-support-4.10.2.jar:/Users/shivanitiwari/.m2/repository/org/apache/camel/camel-util-json/4.10.2/camel-util-json-4.10.2.jar:/Users/shivanitiwari/.m2/repository/org/apache/camel/camel-util/4.10.2/camel-util-4.10.2.jar:/Users/shivanitiwari/.m2/repository/org/apache/camel/camel-componentdsl/4.10.2/camel-componentdsl-4.10.2.jar:/Users/shivanitiwari/.m2/repository/org/apache/camel/camel-core-catalog/4.10.2/camel-core-catalog-4.10.2.jar:/Users/shivanitiwari/.m2/repository/org/apache/camel/camel-tooling-model/4.10.2/camel-tooling-model-4.10.2.jar:/Users/shivanitiwari/.m2/repository/org/apache/camel/camel-core-engine/4.10.2/camel-core-engine-4.10.2.jar:/Users/shivanitiwari/.m2/repository/org/apache/camel/camel-base-engine/4.10.2/camel-base-engine-4.10.2.jar:/Users/shivanitiwari/.m2/repository/org/apache/camel/camel-core-reifier/4.10.2/camel-core-reifier-4.10.2.jar:/Users/shivanitiwari/.m2/repository/org/apache/camel/camel-core-languages/4.10.2/camel-core-languages-4.10.2.jar:/Users/shivanitiwari/.m2/repository/org/apache/camel/camel-core-model/4.10.2/camel-core-model-4.10.2.jar:/Users/shivanitiwari/.m2/repository/org/apache/camel/camel-xml-jaxp-util/4.10.2/camel-xml-jaxp-util-4.10.2.jar:/Users/shivanitiwari/.m2/repository/org/apache/camel/camel-core-processor/4.10.2/camel-core-processor-4.10.2.jar:/Users/shivanitiwari/.m2/repository/org/apache/camel/camel-endpointdsl/4.10.2/camel-endpointdsl-4.10.2.jar:/Users/shivanitiwari/.m2/repository/org/apache/camel/camel-main/4.10.2/camel-main-4.10.2.jar:/Users/shivanitiwari/.m2/repository/org/apache/camel/camel-microprofile-config/4.10.2/camel-microprofile-config-4.10.2.jar:/Users/shivanitiwari/.m2/repository/org/apache/camel/quarkus/camel-quarkus-activemq/3.20.0/camel-quarkus-activemq-3.20.0.jar:/Users/shivanitiwari/.m2/repository/org/apache/camel/camel-activemq/4.10.2/camel-activemq-4.10.2.jar:/Users/shivanitiwari/.m2/repository/org/apache/activemq/activemq-client-jakarta/5.18.6/activemq-client-jakarta-5.18.6.jar:/Users/shivanitiwari/.m2/repository/org/fusesource/hawtbuf/hawtbuf/1.11/hawtbuf-1.11.jar:/Users/shivanitiwari/.m2/repository/jakarta/jms/jakarta.jms-api/3.1.0/jakarta.jms-api-3.1.0.jar:/Users/shivanitiwari/.m2/repository/org/apache/camel/quarkus/camel-quarkus-jms/3.20.0/camel-quarkus-jms-3.20.0.jar:/Users/shivanitiwari/.m2/repository/org/apache/camel/quarkus/camel-quarkus-support-spring/3.20.0/camel-quarkus-support-spring-3.20.0.jar:/Users/shivanitiwari/.m2/repository/org/apache/camel/quarkus/camel-quarkus-support-commons-logging/3.20.0/camel-quarkus-support-commons-logging-3.20.0.jar:/Users/shivanitiwari/.m2/repository/org/apache/camel/quarkus/camel-quarkus-support-spring-beans/3.20.0/camel-quarkus-support-spring-beans-3.20.0.jar:/Users/shivanitiwari/.m2/repository/org/apache/camel/quarkus/camel-quarkus-support-spring-context/3.20.0/camel-quarkus-support-spring-context-3.20.0.jar:/Users/shivanitiwari/.m2/repository/org/apache/camel/quarkus/camel-quarkus-support-spring-core/3.20.0/camel-quarkus-support-spring-core-3.20.0.jar:/Users/shivanitiwari/.m2/repository/org/apache/camel/camel-jms/4.10.2/camel-jms-4.10.2.jar:/Users/shivanitiwari/.m2/repository/org/springframework/spring-jms/6.2.3/spring-jms-6.2.3.jar:/Users/shivanitiwari/.m2/repository/io/micrometer/micrometer-observation/1.14.5/micrometer-observation-1.14.5.jar:/Users/shivanitiwari/.m2/repository/io/micrometer/micrometer-commons/1.14.5/micrometer-commons-1.14.5.jar:/Users/shivanitiwari/.m2/repository/org/springframework/spring-messaging/6.2.3/spring-messaging-6.2.3.jar:/Users/shivanitiwari/.m2/repository/org/springframework/spring-tx/6.2.3/spring-tx-6.2.3.jar:/Users/shivanitiwari/.m2/repository/org/apache/camel/quarkus/camel-quarkus-quartz/3.20.0/camel-quarkus-quartz-3.20.0.jar:/Users/shivanitiwari/.m2/repository/io/quarkus/quarkus-quartz/3.20.0/quarkus-quartz-3.20.0.jar:/Users/shivanitiwari/.m2/repository/io/quarkus/quarkus-scheduler/3.20.0/quarkus-scheduler-3.20.0.jar:/Users/shivanitiwari/.m2/repository/io/quarkus/quarkus-scheduler-kotlin/3.20.0/quarkus-scheduler-kotlin-3.20.0.jar:/Users/shivanitiwari/.m2/repository/io/quarkus/quarkus-scheduler-common/3.20.0/quarkus-scheduler-common-3.20.0.jar:/Users/shivanitiwari/.m2/repository/io/quarkus/quarkus-scheduler-api/3.20.0/quarkus-scheduler-api-3.20.0.jar:/Users/shivanitiwari/.m2/repository/io/quarkus/quarkus-scheduler-spi/3.20.0/quarkus-scheduler-spi-3.20.0.jar:/Users/shivanitiwari/.m2/repository/io/opentelemetry/instrumentation/opentelemetry-instrumentation-api/2.10.0/opentelemetry-instrumentation-api-2.10.0.jar:/Users/shivanitiwari/.m2/repository/io/opentelemetry/opentelemetry-api/1.44.1/opentelemetry-api-1.44.1.jar:/Users/shivanitiwari/.m2/repository/io/opentelemetry/opentelemetry-context/1.44.1/opentelemetry-context-1.44.1.jar:/Users/shivanitiwari/.m2/repository/io/opentelemetry/opentelemetry-api-incubator/1.44.1-alpha/opentelemetry-api-incubator-1.44.1-alpha.jar:/Users/shivanitiwari/.m2/repository/io/opentelemetry/semconv/opentelemetry-semconv/1.28.0-alpha/opentelemetry-semconv-1.28.0-alpha.jar:/Users/shivanitiwari/.m2/repository/com/cronutils/cron-utils/9.2.1/cron-utils-9.2.1.jar:/Users/shivanitiwari/.m2/repository/org/quartz-scheduler/quartz/2.5.0/quartz-2.5.0.jar:/Users/shivanitiwari/.m2/repository/org/apache/camel/camel-quartz/4.10.2/camel-quartz-4.10.2.jar:/Users/shivanitiwari/.m2/repository/org/apache/camel/quarkus/camel-quarkus-bean/3.20.0/camel-quarkus-bean-3.20.0.jar:/Users/shivanitiwari/.m2/repository/org/apache/camel/camel-bean/4.10.2/camel-bean-4.10.2.jar:/Users/shivanitiwari/.m2/repository/org/apache/camel/quarkus/camel-quarkus-platform-http/3.20.0/camel-quarkus-platform-http-3.20.0.jar:/Users/shivanitiwari/.m2/repository/org/apache/camel/quarkus/camel-quarkus-attachments/3.20.0/camel-quarkus-attachments-3.20.0.jar:/Users/shivanitiwari/.m2/repository/org/apache/camel/camel-attachments/4.10.2/camel-attachments-4.10.2.jar:/Users/shivanitiwari/.m2/repository/org/apache/camel/camel-platform-http-vertx/4.10.2/camel-platform-http-vertx-4.10.2.jar:/Users/shivanitiwari/.m2/repository/org/apache/camel/camel-platform-http/4.10.2/camel-platform-http-4.10.2.jar:/Users/shivanitiwari/.m2/repository/org/apache/camel/camel-http-base/4.10.2/camel-http-base-4.10.2.jar:/Users/shivanitiwari/.m2/repository/org/apache/camel/camel-vertx-common/4.10.2/camel-vertx-common-4.10.2.jar:/Users/shivanitiwari/.m2/repository/org/apache/camel/quarkus/camel-quarkus-rest/3.20.0/camel-quarkus-rest-3.20.0.jar:/Users/shivanitiwari/.m2/repository/org/apache/camel/camel-rest/4.10.2/camel-rest-4.10.2.jar:/Users/shivanitiwari/.m2/repository/org/apache/camel/quarkus/camel-quarkus-jackson/3.20.0/camel-quarkus-jackson-3.20.0.jar:/Users/shivanitiwari/.m2/repository/io/quarkus/quarkus-jaxp/3.20.0/quarkus-jaxp-3.20.0.jar:/Users/shivanitiwari/.m2/repository/com/fasterxml/jackson/module/jackson-module-jakarta-xmlbind-annotations/2.18.2/jackson-module-jakarta-xmlbind-annotations-2.18.2.jar:/Users/shivanitiwari/.m2/repository/org/apache/camel/camel-jackson/4.10.2/camel-jackson-4.10.2.jar:/Users/shivanitiwari/.m2/repository/org/eclipse/angus/angus-activation/2.0.2/angus-activation-2.0.2.jar:/Users/shivanitiwari/.m2/repository/org/apache/camel/quarkus/camel-quarkus-direct/3.20.0/camel-quarkus-direct-3.20.0.jar:/Users/shivanitiwari/.m2/repository/org/apache/camel/camel-direct/4.10.2/camel-direct-4.10.2.jar:/Users/shivanitiwari/.m2/repository/org/apache/camel/quarkus/camel-quarkus-seda/3.20.0/camel-quarkus-seda-3.20.0.jar:/Users/shivanitiwari/.m2/repository/org/apache/camel/camel-seda/4.10.2/camel-seda-4.10.2.jar:/Users/shivanitiwari/.m2/repository/org/apache/camel/quarkus/camel-quarkus-openapi-java/3.20.0/camel-quarkus-openapi-java-3.20.0.jar:/Users/shivanitiwari/.m2/repository/org/apache/camel/camel-openapi-java/4.10.2/camel-openapi-java-4.10.2.jar:/Users/shivanitiwari/.m2/repository/org/apache/camel/camel-xml-io/4.10.2/camel-xml-io-4.10.2.jar:/Users/shivanitiwari/.m2/repository/org/apache/camel/camel-xml-io-util/4.10.2/camel-xml-io-util-4.10.2.jar:/Users/shivanitiwari/.m2/repository/org/apache/camel/camel-tooling-util/4.10.2/camel-tooling-util-4.10.2.jar:/Users/shivanitiwari/.m2/repository/io/swagger/core/v3/swagger-core-jakarta/2.2.23/swagger-core-jakarta-2.2.23.jar:/Users/shivanitiwari/.m2/repository/io/swagger/core/v3/swagger-models-jakarta/2.2.23/swagger-models-jakarta-2.2.23.jar:/Users/shivanitiwari/.m2/repository/io/swagger/parser/v3/swagger-parser/2.1.25/swagger-parser-2.1.25.jar:/Users/shivanitiwari/.m2/repository/io/swagger/parser/v3/swagger-parser-v3/2.1.25/swagger-parser-v3-2.1.25.jar:/Users/shivanitiwari/.m2/repository/io/swagger/parser/v3/swagger-parser-core/2.1.25/swagger-parser-core-2.1.25.jar:/Users/shivanitiwari/.m2/repository/io/swagger/parser/v3/swagger-parser-safe-url-resolver/2.1.25/swagger-parser-safe-url-resolver-2.1.25.jar:/Users/shivanitiwari/.m2/repository/com/fasterxml/jackson/datatype/jackson-datatype-joda/2.18.2/jackson-datatype-joda-2.18.2.jar:/Users/shivanitiwari/.m2/repository/joda-time/joda-time/2.13.1/joda-time-2.13.1.jar:/Users/shivanitiwari/.m2/repository/org/apache/camel/quarkus/camel-quarkus-support-swagger/3.20.0/camel-quarkus-support-swagger-3.20.0.jar:/Users/shivanitiwari/.m2/repository/io/swagger/core/v3/swagger-annotations-jakarta/2.2.23/swagger-annotations-jakarta-2.2.23.jar:/Users/shivanitiwari/.m2/repository/org/apache/camel/quarkus/camel-quarkus-mock/3.20.0/camel-quarkus-mock-3.20.0.jar:/Users/shivanitiwari/.m2/repository/org/apache/camel/camel-mock/4.10.2/camel-mock-4.10.2.jar:/Users/shivanitiwari/.m2/repository/org/apache/camel/quarkus/camel-quarkus-log/3.20.0/camel-quarkus-log-3.20.0.jar:/Users/shivanitiwari/.m2/repository/org/apache/camel/camel-log/4.10.2/camel-log-4.10.2.jar:/Users/shivanitiwari/.m2/repository/org/apache/camel/quarkus/camel-quarkus-gson/3.20.0/camel-quarkus-gson-3.20.0.jar:/Users/shivanitiwari/.m2/repository/org/apache/camel/camel-gson/4.10.2/camel-gson-4.10.2.jar:/Users/shivanitiwari/.m2/repository/org/apache/camel/quarkus/camel-quarkus-debug/3.20.0/camel-quarkus-debug-3.20.0.jar:/Users/shivanitiwari/.m2/repository/org/apache/camel/camel-debug/4.10.2/camel-debug-4.10.2.jar:/Users/shivanitiwari/.m2/repository/org/apache/camel/quarkus/camel-quarkus-exec/3.20.0/camel-quarkus-exec-3.20.0.jar:/Users/shivanitiwari/.m2/repository/org/apache/camel/camel-exec/4.10.2/camel-exec-4.10.2.jar:/Users/shivanitiwari/.m2/repository/org/apache/commons/commons-exec/1.4.0/commons-exec-1.4.0.jar:/Users/shivanitiwari/.m2/repository/org/apache/camel/quarkus/camel-quarkus-management/3.20.0/camel-quarkus-management-3.20.0.jar:/Users/shivanitiwari/.m2/repository/org/apache/camel/quarkus/camel-quarkus-xml-io-dsl/3.20.0/camel-quarkus-xml-io-dsl-3.20.0.jar:/Users/shivanitiwari/.m2/repository/org/apache/camel/camel-xml-io-dsl/4.10.2/camel-xml-io-dsl-4.10.2.jar:/Users/shivanitiwari/.m2/repository/org/apache/camel/camel-dsl-support/4.10.2/camel-dsl-support-4.10.2.jar:/Users/shivanitiwari/.m2/repository/org/apache/camel/camel-management/4.10.2/camel-management-4.10.2.jar:/Users/shivanitiwari/.m2/repository/org/apache/camel/quarkus/camel-quarkus-jaxb/3.20.0/camel-quarkus-jaxb-3.20.0.jar:/Users/shivanitiwari/.m2/repository/org/apache/camel/camel-jaxb/4.10.2/camel-jaxb-4.10.2.jar:/Users/shivanitiwari/.m2/repository/org/apache/camel/camel-xml-jaxb/4.10.2/camel-xml-jaxb-4.10.2.jar:/Users/shivanitiwari/.m2/repository/org/apache/camel/camel-xml-jaxp/4.10.2/camel-xml-jaxp-4.10.2.jar:/Users/shivanitiwari/.m2/repository/io/quarkus/quarkus-jaxb/3.20.0/quarkus-jaxb-3.20.0.jar:/Users/shivanitiwari/.m2/repository/org/glassfish/jaxb/jaxb-runtime/4.0.5/jaxb-runtime-4.0.5.jar:/Users/shivanitiwari/.m2/repository/org/glassfish/jaxb/jaxb-core/4.0.5/jaxb-core-4.0.5.jar:/Users/shivanitiwari/.m2/repository/org/glassfish/jaxb/txw2/4.0.5/txw2-4.0.5.jar:/Users/shivanitiwari/.m2/repository/com/sun/istack/istack-commons-runtime/4.1.2/istack-commons-runtime-4.1.2.jar:/Users/shivanitiwari/.m2/repository/org/jboss/slf4j/slf4j-jboss-logmanager/2.0.0.Final/slf4j-jboss-logmanager-2.0.0.Final.jar:/Users/shivanitiwari/.m2/repository/io/quarkus/quarkus-junit5/3.20.0/quarkus-junit5-3.20.0.jar:/Users/shivanitiwari/.m2/repository/io/quarkus/quarkus-bootstrap-core/3.20.0/quarkus-bootstrap-core-3.20.0.jar:/Users/shivanitiwari/.m2/repository/io/quarkus/quarkus-classloader-commons/3.20.0/quarkus-classloader-commons-3.20.0.jar:/Users/shivanitiwari/.m2/repository/io/quarkus/quarkus-bootstrap-app-model/3.20.0/quarkus-bootstrap-app-model-3.20.0.jar:/Users/shivanitiwari/.m2/repository/io/smallrye/common/smallrye-common-io/2.10.0/smallrye-common-io-2.10.0.jar:/Users/shivanitiwari/.m2/repository/org/eclipse/sisu/org.eclipse.sisu.inject/0.9.0.M3/org.eclipse.sisu.inject-0.9.0.M3.jar:/Users/shivanitiwari/.m2/repository/io/quarkus/quarkus-test-common/3.20.0/quarkus-test-common-3.20.0.jar:/Users/shivanitiwari/.m2/repository/io/quarkus/quarkus-core-deployment/3.20.0/quarkus-core-deployment-3.20.0.jar:/Users/shivanitiwari/.m2/repository/org/aesh/readline/2.6/readline-2.6.jar:/Users/shivanitiwari/.m2/repository/org/fusesource/jansi/jansi/2.4.0/jansi-2.4.0.jar:/Users/shivanitiwari/.m2/repository/org/aesh/aesh/2.8.2/aesh-2.8.2.jar:/Users/shivanitiwari/.m2/repository/io/quarkus/gizmo/gizmo/1.8.0/gizmo-1.8.0.jar:/Users/shivanitiwari/.m2/repository/org/ow2/asm/asm-util/9.7.1/asm-util-9.7.1.jar:/Users/shivanitiwari/.m2/repository/org/ow2/asm/asm-analysis/9.7.1/asm-analysis-9.7.1.jar:/Users/shivanitiwari/.m2/repository/org/ow2/asm/asm/9.7.1/asm-9.7.1.jar:/Users/shivanitiwari/.m2/repository/org/ow2/asm/asm-commons/9.7.1/asm-commons-9.7.1.jar:/Users/shivanitiwari/.m2/repository/org/ow2/asm/asm-tree/9.7.1/asm-tree-9.7.1.jar:/Users/shivanitiwari/.m2/repository/io/quarkus/quarkus-hibernate-validator-spi/3.20.0/quarkus-hibernate-validator-spi-3.20.0.jar:/Users/shivanitiwari/.m2/repository/io/quarkus/quarkus-class-change-agent/3.20.0/quarkus-class-change-agent-3.20.0.jar:/Users/shivanitiwari/.m2/repository/io/quarkus/quarkus-devtools-utilities/3.20.0/quarkus-devtools-utilities-3.20.0.jar:/Users/shivanitiwari/.m2/repository/io/quarkus/quarkus-builder/3.20.0/quarkus-builder-3.20.0.jar:/Users/shivanitiwari/.m2/repository/org/graalvm/sdk/nativeimage/23.1.2/nativeimage-23.1.2.jar:/Users/shivanitiwari/.m2/repository/org/graalvm/sdk/word/23.1.2/word-23.1.2.jar:/Users/shivanitiwari/.m2/repository/org/junit/platform/junit-platform-launcher/1.10.5/junit-platform-launcher-1.10.5.jar:/Users/shivanitiwari/.m2/repository/io/quarkus/quarkus-bootstrap-maven-resolver/3.20.0/quarkus-bootstrap-maven-resolver-3.20.0.jar:/Users/shivanitiwari/.m2/repository/io/smallrye/beanbag/smallrye-beanbag-maven/1.5.2/smallrye-beanbag-maven-1.5.2.jar:/Users/shivanitiwari/.m2/repository/io/smallrye/beanbag/smallrye-beanbag-sisu/1.5.2/smallrye-beanbag-sisu-1.5.2.jar:/Users/shivanitiwari/.m2/repository/io/smallrye/beanbag/smallrye-beanbag/1.5.2/smallrye-beanbag-1.5.2.jar:/Users/shivanitiwari/.m2/repository/org/apache/maven/resolver/maven-resolver-transport-http/1.9.20/maven-resolver-transport-http-1.9.20.jar:/Users/shivanitiwari/.m2/repository/org/apache/maven/wagon/wagon-provider-api/3.5.3/wagon-provider-api-3.5.3.jar:/Users/shivanitiwari/.m2/repository/org/apache/maven/wagon/wagon-http-shared/3.5.3/wagon-http-shared-3.5.3.jar:/Users/shivanitiwari/.m2/repository/org/codehaus/plexus/plexus-xml/4.0.1/plexus-xml-4.0.1.jar:/Users/shivanitiwari/.m2/repository/org/apache/maven/maven-xml-impl/4.0.0-alpha-5/maven-xml-impl-4.0.0-alpha-5.jar:/Users/shivanitiwari/.m2/repository/org/apache/maven/maven-api-xml/4.0.0-alpha-5/maven-api-xml-4.0.0-alpha-5.jar:/Users/shivanitiwari/.m2/repository/org/apache/maven/maven-api-meta/4.0.0-alpha-5/maven-api-meta-4.0.0-alpha-5.jar:/Users/shivanitiwari/.m2/repository/org/codehaus/plexus/plexus-cipher/2.0/plexus-cipher-2.0.jar:/Users/shivanitiwari/.m2/repository/org/apache/maven/maven-embedder/3.9.9/maven-embedder-3.9.9.jar:/Users/shivanitiwari/.m2/repository/javax/annotation/javax.annotation-api/1.3.2/javax.annotation-api-1.3.2.jar:/Users/shivanitiwari/.m2/repository/commons-cli/commons-cli/1.8.0/commons-cli-1.8.0.jar:/Users/shivanitiwari/.m2/repository/org/apache/maven/resolver/maven-resolver-connector-basic/1.9.22/maven-resolver-connector-basic-1.9.22.jar:/Users/shivanitiwari/.m2/repository/org/apache/maven/resolver/maven-resolver-transport-wagon/1.9.22/maven-resolver-transport-wagon-1.9.22.jar:/Users/shivanitiwari/.m2/repository/org/apache/maven/wagon/wagon-http/3.5.3/wagon-http-3.5.3.jar:/Users/shivanitiwari/.m2/repository/org/apache/maven/wagon/wagon-file/3.5.3/wagon-file-3.5.3.jar:/Users/shivanitiwari/.m2/repository/io/quarkus/quarkus-bootstrap-gradle-resolver/3.20.0/quarkus-bootstrap-gradle-resolver-3.20.0.jar:/Users/shivanitiwari/.m2/repository/io/quarkus/quarkus-junit5-config/3.20.0/quarkus-junit5-config-3.20.0.jar:/Users/shivanitiwari/.m2/repository/org/junit/jupiter/junit-jupiter-api/5.10.5/junit-jupiter-api-5.10.5.jar:/Users/shivanitiwari/.m2/repository/org/opentest4j/opentest4j/1.3.0/opentest4j-1.3.0.jar:/Users/shivanitiwari/.m2/repository/org/junit/platform/junit-platform-commons/1.10.5/junit-platform-commons-1.10.5.jar:/Users/shivanitiwari/.m2/repository/org/apiguardian/apiguardian-api/1.1.2/apiguardian-api-1.1.2.jar:/Users/shivanitiwari/.m2/repository/org/junit/jupiter/junit-jupiter/5.10.5/junit-jupiter-5.10.5.jar:/Users/shivanitiwari/.m2/repository/org/junit/jupiter/junit-jupiter-params/5.10.5/junit-jupiter-params-5.10.5.jar:/Users/shivanitiwari/.m2/repository/org/junit/jupiter/junit-jupiter-engine/5.10.5/junit-jupiter-engine-5.10.5.jar:/Users/shivanitiwari/.m2/repository/org/junit/platform/junit-platform-engine/1.10.5/junit-platform-engine-1.10.5.jar:/Users/shivanitiwari/.m2/repository/org/jboss/marshalling/jboss-marshalling/2.2.2.Final/jboss-marshalling-2.2.2.Final.jar:/Users/shivanitiwari/.m2/repository/org/apache/camel/quarkus/camel-quarkus-junit5/3.20.0/camel-quarkus-junit5-3.20.0.jar:/Users/shivanitiwari/.m2/repository/org/apache/camel/camel-test-junit5/4.10.2/camel-test-junit5-4.10.2.jar:/Users/shivanitiwari/.m2/repository/org/apache/camel/camel-browse/4.10.2/camel-browse-4.10.2.jar:/Users/shivanitiwari/.m2/repository/org/apache/camel/camel-controlbus/4.10.2/camel-controlbus-4.10.2.jar:/Users/shivanitiwari/.m2/repository/org/apache/camel/camel-dataformat/4.10.2/camel-dataformat-4.10.2.jar:/Users/shivanitiwari/.m2/repository/org/apache/camel/camel-dataset/4.10.2/camel-dataset-4.10.2.jar:/Users/shivanitiwari/.m2/repository/org/apache/camel/camel-file/4.10.2/camel-file-4.10.2.jar:/Users/shivanitiwari/.m2/repository/org/apache/camel/camel-cluster/4.10.2/camel-cluster-4.10.2.jar:/Users/shivanitiwari/.m2/repository/org/apache/camel/camel-language/4.10.2/camel-language-4.10.2.jar:/Users/shivanitiwari/.m2/repository/org/apache/camel/camel-ref/4.10.2/camel-ref-4.10.2.jar:/Users/shivanitiwari/.m2/repository/org/apache/camel/camel-saga/4.10.2/camel-saga-4.10.2.jar:/Users/shivanitiwari/.m2/repository/org/apache/camel/camel-scheduler/4.10.2/camel-scheduler-4.10.2.jar:/Users/shivanitiwari/.m2/repository/org/apache/camel/camel-stub/4.10.2/camel-stub-4.10.2.jar:/Users/shivanitiwari/.m2/repository/org/apache/camel/camel-timer/4.10.2/camel-timer-4.10.2.jar:/Users/shivanitiwari/.m2/repository/org/apache/camel/camel-validator/4.10.2/camel-validator-4.10.2.jar:/Users/shivanitiwari/.m2/repository/org/apache/camel/camel-xpath/4.10.2/camel-xpath-4.10.2.jar:/Users/shivanitiwari/.m2/repository/org/apache/camel/camel-xslt/4.10.2/camel-xslt-4.10.2.jar:/Users/shivanitiwari/.m2/repository/org/mockito/mockito-core/5.15.2/mockito-core-5.15.2.jar:/Users/shivanitiwari/.m2/repository/net/bytebuddy/byte-buddy-agent/1.15.1/byte-buddy-agent-1.15.1.jar:/Users/shivanitiwari/.m2/repository/org/objenesis/objenesis/3.3/objenesis-3.3.jar:/Users/shivanitiwari/.m2/repository/io/rest-assured/rest-assured/5.5.1/rest-assured-5.5.1.jar:/Users/shivanitiwari/.m2/repository/org/apache/groovy/groovy/4.0.26/groovy-4.0.26.jar:/Users/shivanitiwari/.m2/repository/org/apache/groovy/groovy-xml/4.0.22/groovy-xml-4.0.22.jar:/Users/shivanitiwari/.m2/repository/org/apache/httpcomponents/httpclient/4.5.14/httpclient-4.5.14.jar:/Users/shivanitiwari/.m2/repository/org/apache/httpcomponents/httpcore/4.4.16/httpcore-4.4.16.jar:/Users/shivanitiwari/.m2/repository/commons-codec/commons-codec/1.18.0/commons-codec-1.18.0.jar:/Users/shivanitiwari/.m2/repository/org/apache/httpcomponents/httpmime/4.5.14/httpmime-4.5.14.jar:/Users/shivanitiwari/.m2/repository/org/hamcrest/hamcrest/2.2/hamcrest-2.2.jar:/Users/shivanitiwari/.m2/repository/org/ccil/cowan/tagsoup/tagsoup/1.2.1/tagsoup-1.2.1.jar:/Users/shivanitiwari/.m2/repository/io/rest-assured/json-path/5.5.1/json-path-5.5.1.jar:/Users/shivanitiwari/.m2/repository/org/apache/groovy/groovy-json/4.0.22/groovy-json-4.0.22.jar:/Users/shivanitiwari/.m2/repository/io/rest-assured/rest-assured-common/5.5.1/rest-assured-common-5.5.1.jar:/Users/shivanitiwari/.m2/repository/io/rest-assured/xml-path/5.5.1/xml-path-5.5.1.jar:/Users/shivanitiwari/.m2/repository/io/quarkus/quarkus-hibernate-orm-panache/3.20.0/quarkus-hibernate-orm-panache-3.20.0.jar:/Users/shivanitiwari/.m2/repository/io/quarkus/quarkus-hibernate-orm/3.20.0/quarkus-hibernate-orm-3.20.0.jar:/Users/shivanitiwari/.m2/repository/io/quarkus/quarkus-narayana-jta/3.20.0/quarkus-narayana-jta-3.20.0.jar:/Users/shivanitiwari/.m2/repository/io/quarkus/quarkus-transaction-annotations/3.20.0/quarkus-transaction-annotations-3.20.0.jar:/Users/shivanitiwari/.m2/repository/io/quarkus/quarkus-datasource-common/3.20.0/quarkus-datasource-common-3.20.0.jar:/Users/shivanitiwari/.m2/repository/io/smallrye/smallrye-context-propagation-jta/2.2.0/smallrye-context-propagation-jta-2.2.0.jar:/Users/shivanitiwari/.m2/repository/io/smallrye/reactive/smallrye-reactive-converter-api/3.0.1/smallrye-reactive-converter-api-3.0.1.jar:/Users/shivanitiwari/.m2/repository/io/smallrye/reactive/smallrye-reactive-converter-mutiny/3.0.1/smallrye-reactive-converter-mutiny-3.0.1.jar:/Users/shivanitiwari/.m2/repository/io/smallrye/reactive/mutiny-zero-flow-adapters/1.1.1/mutiny-zero-flow-adapters-1.1.1.jar:/Users/shivanitiwari/.m2/repository/org/jboss/narayana/jta/narayana-jta/7.2.1.Final/narayana-jta-7.2.1.Final.jar:/Users/shivanitiwari/.m2/repository/jakarta/resource/jakarta.resource-api/2.1.0/jakarta.resource-api-2.1.0.jar:/Users/shivanitiwari/.m2/repository/org/jboss/invocation/jboss-invocation/2.0.0.Final/jboss-invocation-2.0.0.Final.jar:/Users/shivanitiwari/.m2/repository/org/eclipse/microprofile/reactive-streams-operators/microprofile-reactive-streams-operators-api/3.0.1/microprofile-reactive-streams-operators-api-3.0.1.jar:/Users/shivanitiwari/.m2/repository/org/jboss/narayana/jts/narayana-jts-integration/7.2.1.Final/narayana-jts-integration-7.2.1.Final.jar:/Users/shivanitiwari/.m2/repository/org/hibernate/orm/hibernate-core/6.6.11.Final/hibernate-core-6.6.11.Final.jar:/Users/shivanitiwari/.m2/repository/org/antlr/antlr4-runtime/4.13.0/antlr4-runtime-4.13.0.jar:/Users/shivanitiwari/.m2/repository/net/bytebuddy/byte-buddy/1.15.11/byte-buddy-1.15.11.jar:/Users/shivanitiwari/.m2/repository/org/hibernate/common/hibernate-commons-annotations/7.0.3.Final/hibernate-commons-annotations-7.0.3.Final.jar:/Users/shivanitiwari/.m2/repository/org/hibernate/orm/hibernate-graalvm/6.6.11.Final/hibernate-graalvm-6.6.11.Final.jar:/Users/shivanitiwari/.m2/repository/jakarta/persistence/jakarta.persistence-api/3.1.0/jakarta.persistence-api-3.1.0.jar:/Users/shivanitiwari/.m2/repository/org/hibernate/quarkus-local-cache/0.3.0/quarkus-local-cache-0.3.0.jar:/Users/shivanitiwari/.m2/repository/io/quarkus/quarkus-caffeine/3.20.0/quarkus-caffeine-3.20.0.jar:/Users/shivanitiwari/.m2/repository/com/github/ben-manes/caffeine/caffeine/3.2.0/caffeine-3.2.0.jar:/Users/shivanitiwari/.m2/repository/org/jspecify/jspecify/1.0.0/jspecify-1.0.0.jar:/Users/shivanitiwari/.m2/repository/io/quarkus/quarkus-hibernate-orm-panache-common/3.20.0/quarkus-hibernate-orm-panache-common-3.20.0.jar:/Users/shivanitiwari/.m2/repository/io/quarkus/quarkus-panache-hibernate-common/3.20.0/quarkus-panache-hibernate-common-3.20.0.jar:/Users/shivanitiwari/.m2/repository/io/quarkus/quarkus-panache-common/3.20.0/quarkus-panache-common-3.20.0.jar:/Users/shivanitiwari/.m2/repository/io/quarkus/quarkus-hibernate-validator/3.20.0/quarkus-hibernate-validator-3.20.0.jar:/Users/shivanitiwari/.m2/repository/org/hibernate/validator/hibernate-validator/8.0.2.Final/hibernate-validator-8.0.2.Final.jar:/Users/shivanitiwari/.m2/repository/com/fasterxml/classmate/1.7.0/classmate-1.7.0.jar:/Users/shivanitiwari/.m2/repository/org/glassfish/expressly/expressly/5.0.0/expressly-5.0.0.jar:/Users/shivanitiwari/.m2/repository/jakarta/el/jakarta.el-api/5.0.1/jakarta.el-api-5.0.1.jar:/Users/shivanitiwari/.m2/repository/io/smallrye/config/smallrye-config-validator/3.11.4/smallrye-config-validator-3.11.4.jar:/Users/shivanitiwari/.m2/repository/jakarta/ws/rs/jakarta.ws.rs-api/3.1.0/jakarta.ws.rs-api-3.1.0.jar:/Users/shivanitiwari/.m2/repository/io/quarkus/quarkus-jdbc-postgresql/3.20.0/quarkus-jdbc-postgresql-3.20.0.jar:/Users/shivanitiwari/.m2/repository/io/quarkus/quarkus-agroal/3.20.0/quarkus-agroal-3.20.0.jar:/Users/shivanitiwari/.m2/repository/io/quarkus/quarkus-datasource/3.20.0/quarkus-datasource-3.20.0.jar:/Users/shivanitiwari/.m2/repository/io/agroal/agroal-api/2.5/agroal-api-2.5.jar:/Users/shivanitiwari/.m2/repository/io/agroal/agroal-narayana/2.5/agroal-narayana-2.5.jar:/Users/shivanitiwari/.m2/repository/org/jboss/jboss-transaction-spi/8.0.0.Final/jboss-transaction-spi-8.0.0.Final.jar:/Users/shivanitiwari/.m2/repository/io/agroal/agroal-pool/2.5/agroal-pool-2.5.jar:/Users/shivanitiwari/.m2/repository/org/postgresql/postgresql/42.7.5/postgresql-42.7.5.jar:/Users/shivanitiwari/.m2/repository/io/quarkus/quarkus-jdbc-h2/3.20.0/quarkus-jdbc-h2-3.20.0.jar:/Users/shivanitiwari/.m2/repository/com/h2database/h2/2.3.230/h2-2.3.230.jar:/Users/shivanitiwari/.m2/repository/org/locationtech/jts/jts-core/1.19.0/jts-core-1.19.0.jar:/Users/shivanitiwari/.m2/repository/org/apache/camel/quarkus/camel-quarkus-microprofile-health/3.20.0/camel-quarkus-microprofile-health-3.20.0.jar:/Users/shivanitiwari/.m2/repository/org/apache/camel/camel-microprofile-health/4.10.2/camel-microprofile-health-4.10.2.jar:/Users/shivanitiwari/.m2/repository/org/apache/camel/camel-health/4.10.2/camel-health-4.10.2.jar:/Users/shivanitiwari/.m2/repository/javax/xml/bind/jaxb-api/2.3.1/jaxb-api-2.3.1.jar:/Users/shivanitiwari/.m2/repository/javax/activation/javax.activation-api/1.2.0/javax.activation-api-1.2.0.jar:/Users/shivanitiwari/.m2/repository/com/google/code/gson/gson/2.12.1/gson-2.12.1.jar:/Users/shivanitiwari/.m2/repository/com/google/errorprone/error_prone_annotations/2.36.0/error_prone_annotations-2.36.0.jar:/Users/shivanitiwari/.m2/repository/com/googlecode/json-simple/json-simple/1.1.1/json-simple-1.1.1.jar:/Users/shivanitiwari/.m2/repository/junit/junit/4.10/junit-4.10.jar:/Users/shivanitiwari/.m2/repository/org/hamcrest/hamcrest-core/1.1/hamcrest-core-1.1.jar:/Users/shivanitiwari/.m2/repository/org/json/json/20231013/json-20231013.jar:/Users/shivanitiwari/.m2/repository/com/fasterxml/jackson/datatype/jackson-datatype-jsr310/2.14.1/jackson-datatype-jsr310-2.14.1.jar:/Users/shivanitiwari/.m2/repository/com/fasterxml/jackson/core/jackson-annotations/2.16.0/jackson-annotations-2.16.0.jar:/Users/shivanitiwari/.m2/repository/com/fasterxml/jackson/core/jackson-core/2.18.2/jackson-core-2.18.2.jar:/Users/shivanitiwari/.m2/repository/com/fasterxml/jackson/core/jackson-databind/2.16.0/jackson-databind-2.16.0.jar:/Users/shivanitiwari/.m2/repository/javax/ws/rs/javax.ws.rs-api/2.0/javax.ws.rs-api-2.0.jar:/Users/shivanitiwari/.m2/repository/org/apache/commons/commons-text/1.13.1/commons-text-1.13.1.jar:/Users/shivanitiwari/.m2/repository/org/apache/commons/commons-lang3/3.17.0/commons-lang3-3.17.0.jar:/Users/shivanitiwari/.m2/repository/org/apache/maven/plugins/maven-resources-plugin/3.2.0/maven-resources-plugin-3.2.0.jar:/Users/shivanitiwari/.m2/repository/org/apache/maven/maven-plugin-api/3.9.9/maven-plugin-api-3.9.9.jar:/Users/shivanitiwari/.m2/repository/org/apache/maven/maven-artifact/3.9.9/maven-artifact-3.9.9.jar:/Users/shivanitiwari/.m2/repository/org/codehaus/plexus/plexus-utils/3.5.1/plexus-utils-3.5.1.jar:/Users/shivanitiwari/.m2/repository/org/codehaus/plexus/plexus-classworlds/2.6.0/plexus-classworlds-2.6.0.jar:/Users/shivanitiwari/.m2/repository/org/apache/maven/maven-core/3.9.9/maven-core-3.9.9.jar:/Users/shivanitiwari/.m2/repository/org/apache/maven/maven-settings/3.9.9/maven-settings-3.9.9.jar:/Users/shivanitiwari/.m2/repository/org/apache/maven/maven-settings-builder/3.9.9/maven-settings-builder-3.9.9.jar:/Users/shivanitiwari/.m2/repository/org/codehaus/plexus/plexus-sec-dispatcher/2.0/plexus-sec-dispatcher-2.0.jar:/Users/shivanitiwari/.m2/repository/org/apache/maven/maven-builder-support/3.9.9/maven-builder-support-3.9.9.jar:/Users/shivanitiwari/.m2/repository/org/apache/maven/maven-repository-metadata/3.9.9/maven-repository-metadata-3.9.9.jar:/Users/shivanitiwari/.m2/repository/org/apache/maven/maven-model-builder/3.9.9/maven-model-builder-3.9.9.jar:/Users/shivanitiwari/.m2/repository/org/apache/maven/maven-resolver-provider/3.9.9/maven-resolver-provider-3.9.9.jar:/Users/shivanitiwari/.m2/repository/org/apache/maven/resolver/maven-resolver-impl/1.9.22/maven-resolver-impl-1.9.22.jar:/Users/shivanitiwari/.m2/repository/org/apache/maven/resolver/maven-resolver-named-locks/1.9.22/maven-resolver-named-locks-1.9.22.jar:/Users/shivanitiwari/.m2/repository/org/apache/maven/resolver/maven-resolver-api/1.9.22/maven-resolver-api-1.9.22.jar:/Users/shivanitiwari/.m2/repository/org/apache/maven/resolver/maven-resolver-spi/1.9.22/maven-resolver-spi-1.9.22.jar:/Users/shivanitiwari/.m2/repository/org/apache/maven/resolver/maven-resolver-util/1.9.22/maven-resolver-util-1.9.22.jar:/Users/shivanitiwari/.m2/repository/org/apache/maven/shared/maven-shared-utils/3.4.2/maven-shared-utils-3.4.2.jar:/Users/shivanitiwari/.m2/repository/com/google/inject/guice/5.1.0/guice-5.1.0.jar:/Users/shivanitiwari/.m2/repository/aopalliance/aopalliance/1.0/aopalliance-1.0.jar:/Users/shivanitiwari/.m2/repository/com/google/guava/guava/33.4.0-jre/guava-33.4.0-jre.jar:/Users/shivanitiwari/.m2/repository/com/google/guava/failureaccess/1.0.1/failureaccess-1.0.1.jar:/Users/shivanitiwari/.m2/repository/javax/inject/javax.inject/1/javax.inject-1.jar:/Users/shivanitiwari/.m2/repository/org/apache/maven/maven-model/3.9.9/maven-model-3.9.9.jar:/Users/shivanitiwari/.m2/repository/org/codehaus/plexus/plexus-component-annotations/2.1.0/plexus-component-annotations-2.1.0.jar:/Users/shivanitiwari/.m2/repository/org/codehaus/plexus/plexus-interpolation/1.26/plexus-interpolation-1.26.jar:/Users/shivanitiwari/.m2/repository/org/eclipse/sisu/org.eclipse.sisu.plexus/0.9.0.M3/org.eclipse.sisu.plexus-0.9.0.M3.jar:/Users/shivanitiwari/.m2/repository/org/apache/maven/shared/maven-filtering/3.2.0/maven-filtering-3.2.0.jar:/Users/shivanitiwari/.m2/repository/org/sonatype/plexus/plexus-build-api/0.0.7/plexus-build-api-0.0.7.jar:/Users/shivanitiwari/.m2/repository/commons-io/commons-io/2.18.0/commons-io-2.18.0.jar:"/>
    <property name="sun.cpu.endian" value="little"/>
    <property name="vertx.disableWebsockets" value="true"/>
    <property name="user.home" value="/Users/shivanitiwari"/>
    <property name="user.language" value="en"/>
    <property name="jboss.log-version" value="false"/>
    <property name="java.specification.vendor" value="Oracle Corporation"/>
    <property name="io.netty.allocator.maxOrder" value="3"/>
    <property name="java.version.date" value="2023-01-17"/>
    <property name="java.home" value="/Users/shivanitiwari/.p2/pool/plugins/org.eclipse.justj.openjdk.hotspot.jre.full.macosx.x86_64_17.0.6.v20230125-1136/jre"/>
    <property name="file.separator" value="/"/>
    <property name="style.color" value="always"/>
    <property name="basedir" value="/Users/shivanitiwari/Documents/Brix/BrIX-service/brix-restapi"/>
    <property name="java.vm.compressedOopsMode" value="Zero based"/>
    <property name="line.separator" value="&#10;"/>
    <property name="java.specification.name" value="Java Platform API Specification"/>
    <property name="java.vm.specification.vendor" value="Oracle Corporation"/>
    <property name="io.netty.allocator.disableCacheFinalizersForFastThreadLocalThreads" value="true"/>
    <property name="surefire.real.class.path" value="/Users/shivanitiwari/Documents/Brix/BrIX-service/brix-restapi/target/surefire/surefirebooter-20250722135851146_3.jar"/>
    <property name="sun.management.compiler" value="HotSpot 64-Bit Tiered Compilers"/>
    <property name="java.runtime.version" value="17.0.6+10"/>
    <property name="user.name" value="shivanitiwari"/>
    <property name="dev.resteasy.exception.mapper" value="false"/>
    <property name="path.separator" value=":"/>
    <property name="os.version" value="14.6.1"/>
    <property name="java.runtime.name" value="OpenJDK Runtime Environment"/>
    <property name="file.encoding" value="UTF-8"/>
    <property name="java.vm.name" value="OpenJDK 64-Bit Server VM"/>
    <property name="java.vendor.version" value="Temurin-17.0.6+10"/>
    <property name="localRepository" value="/Users/shivanitiwari/.m2/repository"/>
    <property name="java.vendor.url.bug" value="https://github.com/adoptium/adoptium-support/issues"/>
    <property name="java.io.tmpdir" value="/var/folders/1x/7b867pwd0sd9tty41qbq8_k40000gn/T/"/>
    <property name="quarkus.log.file.path" value="target/quarkus.log"/>
    <property name="java.version" value="17.0.6"/>
    <property name="java.util.concurrent.ForkJoinPool.common.threadFactory" value="io.quarkus.bootstrap.forkjoin.QuarkusForkJoinWorkerThreadFactory"/>
    <property name="user.dir" value="/Users/shivanitiwari/Documents/Brix/BrIX-service/brix-restapi"/>
    <property name="os.arch" value="x86_64"/>
    <property name="java.vm.specification.name" value="Java Virtual Machine Specification"/>
    <property name="vertx.disableDnsResolver" value="true"/>
    <property name="native.encoding" value="UTF-8"/>
    <property name="java.util.logging.manager" value="org.jboss.logmanager.LogManager"/>
    <property name="java.library.path" value="/Users/shivanitiwari/Library/Java/Extensions:/Library/Java/Extensions:/Network/Library/Java/Extensions:/System/Library/Java/Extensions:/usr/lib/java:."/>
    <property name="jdk.console" value="java.base"/>
    <property name="java.vm.info" value="mixed mode"/>
    <property name="java.vendor" value="Eclipse Adoptium"/>
    <property name="vertx.disableTCCL" value="true"/>
    <property name="java.vm.version" value="17.0.6+10"/>
    <property name="vertx.logger-delegate-factory-class-name" value="io.quarkus.vertx.core.runtime.VertxLogDelegateFactory"/>
    <property name="sun.io.unicode.encoding" value="UnicodeBig"/>
    <property name="io.netty.machineId" value="e6:33:c4:a6:cd:44:c6:bd"/>
    <property name="java.class.version" value="61.0"/>
  </properties>
  <testcase name="testDeleteSEEndpoint" classname="com.ibm.brix.rest.SEEndpointTest" time="0.04"/>
  <testcase name="testCount" classname="com.ibm.brix.rest.SEEndpointTest" time="0.092"/>
  <testcase name="testGetById" classname="com.ibm.brix.rest.SEEndpointTest" time="0.02"/>
  <testcase name="testListAllSEEndpoint" classname="com.ibm.brix.rest.SEEndpointTest" time="0.032"/>
</testsuite>